[ 2016-05-05T11:48:23+08:00 ] 10.130.27.27 /index.php/Home/Blog/index.html
INFO: [ app_init ] --START--
INFO: Run Behavior\BuildLiteBehavior [ RunTime:0.000017s ]
INFO: [ app_init ] --END-- [ RunTime:0.000114s ]
NOTIC: [8] Undefined variable: rule /home/pzr/workspace/blog/ThinkPHP/Library/Think/Dispatcher.class.php 第 67 行.

[ 2016-05-05T11:48:25+08:00 ] 10.130.27.27 /index.php/login.html
INFO: [ app_init ] --START--
INFO: Run Behavior\BuildLiteBehavior [ RunTime:0.000021s ]
INFO: [ app_init ] --END-- [ RunTime:0.000148s ]
NOTIC: [8] Undefined variable: rule /home/pzr/workspace/blog/ThinkPHP/Library/Think/Dispatcher.class.php 第 67 行.

[ 2016-05-05T11:48:25+08:00 ] 10.130.27.27 /index.php/Home/Login/verify
INFO: [ app_init ] --START--
INFO: Run Behavior\BuildLiteBehavior [ RunTime:0.000011s ]
INFO: [ app_init ] --END-- [ RunTime:0.000077s ]
NOTIC: [8] Undefined variable: rule /home/pzr/workspace/blog/ThinkPHP/Library/Think/Dispatcher.class.php 第 67 行.

[ 2016-05-05T11:48:29+08:00 ] 10.130.27.27 /index.php/Home/Login/handle
INFO: [ app_init ] --START--
INFO: Run Behavior\BuildLiteBehavior [ RunTime:0.000014s ]
INFO: [ app_init ] --END-- [ RunTime:0.000109s ]
NOTIC: [8] Undefined variable: rule /home/pzr/workspace/blog/ThinkPHP/Library/Think/Dispatcher.class.php 第 67 行.

[ 2016-05-05T11:48:29+08:00 ] 10.130.27.27 /index.php/admin.html
INFO: [ app_init ] --START--
INFO: Run Behavior\BuildLiteBehavior [ RunTime:0.000009s ]
INFO: [ app_init ] --END-- [ RunTime:0.000064s ]
NOTIC: [8] Undefined variable: rule /home/pzr/workspace/blog/ThinkPHP/Library/Think/Dispatcher.class.php 第 67 行.

[ 2016-05-05T11:48:31+08:00 ] 10.130.27.27 /index.php/Home/Blog/index.html
INFO: [ app_init ] --START--
INFO: Run Behavior\BuildLiteBehavior [ RunTime:0.000010s ]
INFO: [ app_init ] --END-- [ RunTime:0.000065s ]
NOTIC: [8] Undefined variable: rule /home/pzr/workspace/blog/ThinkPHP/Library/Think/Dispatcher.class.php 第 67 行.

[ 2016-05-05T11:48:35+08:00 ] 10.130.27.27 /index.php/Home/Blog/edit/id/19.html
INFO: [ app_init ] --START--
INFO: Run Behavior\BuildLiteBehavior [ RunTime:0.000066s ]
INFO: [ app_init ] --END-- [ RunTime:0.000282s ]
NOTIC: [8] Undefined variable: rule /home/pzr/workspace/blog/ThinkPHP/Library/Think/Dispatcher.class.php 第 67 行.

[ 2016-05-05T11:49:19+08:00 ] 10.130.27.27 /index.php/admin.html
INFO: [ app_init ] --START--
INFO: Run Behavior\BuildLiteBehavior [ RunTime:0.000019s ]
INFO: [ app_init ] --END-- [ RunTime:0.000121s ]
NOTIC: [8] Undefined variable: rule /home/pzr/workspace/blog/ThinkPHP/Library/Think/Dispatcher.class.php 第 67 行.

[ 2016-05-05T11:49:21+08:00 ] 10.130.27.27 /index.php/Home/Blog/index.html
INFO: [ app_init ] --START--
INFO: Run Behavior\BuildLiteBehavior [ RunTime:0.000015s ]
INFO: [ app_init ] --END-- [ RunTime:0.000104s ]
NOTIC: [8] Undefined variable: rule /home/pzr/workspace/blog/ThinkPHP/Library/Think/Dispatcher.class.php 第 67 行.

[ 2016-05-05T11:49:23+08:00 ] 10.130.27.27 /index.php/Home/Blog/edit/id/18.html
INFO: [ app_init ] --START--
INFO: Run Behavior\BuildLiteBehavior [ RunTime:0.000022s ]
INFO: [ app_init ] --END-- [ RunTime:0.000154s ]
NOTIC: [8] Undefined variable: rule /home/pzr/workspace/blog/ThinkPHP/Library/Think/Dispatcher.class.php 第 67 行.

[ 2016-05-05T13:13:23+08:00 ] 10.130.27.27 /index.php/Home/Blog/index.html
INFO: [ app_init ] --START--
INFO: Run Behavior\BuildLiteBehavior [ RunTime:0.000055s ]
INFO: [ app_init ] --END-- [ RunTime:0.000177s ]
NOTIC: [8] Undefined variable: rule /home/pzr/workspace/blog/ThinkPHP/Library/Think/Dispatcher.class.php 第 67 行.

[ 2016-05-05T13:13:24+08:00 ] 10.130.27.27 /index.php/login.html
INFO: [ app_init ] --START--
INFO: Run Behavior\BuildLiteBehavior [ RunTime:0.000014s ]
INFO: [ app_init ] --END-- [ RunTime:0.000090s ]
NOTIC: [8] Undefined variable: rule /home/pzr/workspace/blog/ThinkPHP/Library/Think/Dispatcher.class.php 第 67 行.

[ 2016-05-05T13:13:24+08:00 ] 10.130.27.27 /index.php/Home/Login/verify
INFO: [ app_init ] --START--
INFO: Run Behavior\BuildLiteBehavior [ RunTime:0.000018s ]
INFO: [ app_init ] --END-- [ RunTime:0.000108s ]
NOTIC: [8] Undefined variable: rule /home/pzr/workspace/blog/ThinkPHP/Library/Think/Dispatcher.class.php 第 67 行.

[ 2016-05-05T13:13:30+08:00 ] 10.130.27.27 /index.php/Home/Login/handle
INFO: [ app_init ] --START--
INFO: Run Behavior\BuildLiteBehavior [ RunTime:0.000017s ]
INFO: [ app_init ] --END-- [ RunTime:0.000110s ]
NOTIC: [8] Undefined variable: rule /home/pzr/workspace/blog/ThinkPHP/Library/Think/Dispatcher.class.php 第 67 行.

[ 2016-05-05T13:13:31+08:00 ] 10.130.27.27 /index.php/admin.html
INFO: [ app_init ] --START--
INFO: Run Behavior\BuildLiteBehavior [ RunTime:0.000024s ]
INFO: [ app_init ] --END-- [ RunTime:0.000119s ]
NOTIC: [8] Undefined variable: rule /home/pzr/workspace/blog/ThinkPHP/Library/Think/Dispatcher.class.php 第 67 行.

[ 2016-05-05T13:18:10+08:00 ] 10.130.27.27 /index.php/admin.html
INFO: [ app_init ] --START--
INFO: Run Behavior\BuildLiteBehavior [ RunTime:0.000025s ]
INFO: [ app_init ] --END-- [ RunTime:0.000187s ]
NOTIC: [8] Undefined variable: rule /home/pzr/workspace/blog/ThinkPHP/Library/Think/Dispatcher.class.php 第 67 行.

[ 2016-05-05T13:18:11+08:00 ] 10.130.27.27 /logout
INFO: [ app_init ] --START--
INFO: Run Behavior\BuildLiteBehavior [ RunTime:0.000008s ]
INFO: [ app_init ] --END-- [ RunTime:0.000060s ]
NOTIC: [8] Undefined variable: rule /home/pzr/workspace/blog/ThinkPHP/Library/Think/Dispatcher.class.php 第 67 行.

[ 2016-05-05T13:18:11+08:00 ] 10.130.27.27 /index.php/Home/Login/index.html
INFO: [ app_init ] --START--
INFO: Run Behavior\BuildLiteBehavior [ RunTime:0.000010s ]
INFO: [ app_init ] --END-- [ RunTime:0.000059s ]
NOTIC: [8] Undefined variable: rule /home/pzr/workspace/blog/ThinkPHP/Library/Think/Dispatcher.class.php 第 67 行.

[ 2016-05-05T13:18:11+08:00 ] 10.130.27.27 /index.php/Home/Login/verify
INFO: [ app_init ] --START--
INFO: Run Behavior\BuildLiteBehavior [ RunTime:0.000012s ]
INFO: [ app_init ] --END-- [ RunTime:0.000136s ]
NOTIC: [8] Undefined variable: rule /home/pzr/workspace/blog/ThinkPHP/Library/Think/Dispatcher.class.php 第 67 行.

[ 2016-05-05T13:18:23+08:00 ] 10.130.27.27 /index.php/Home/Login/handle
INFO: [ app_init ] --START--
INFO: Run Behavior\BuildLiteBehavior [ RunTime:0.000023s ]
INFO: [ app_init ] --END-- [ RunTime:0.000155s ]
NOTIC: [8] Undefined variable: rule /home/pzr/workspace/blog/ThinkPHP/Library/Think/Dispatcher.class.php 第 67 行.

[ 2016-05-05T13:18:23+08:00 ] 10.130.27.27 /index.php/admin.html
INFO: [ app_init ] --START--
INFO: Run Behavior\BuildLiteBehavior [ RunTime:0.000019s ]
INFO: [ app_init ] --END-- [ RunTime:0.000125s ]
NOTIC: [8] Undefined variable: rule /home/pzr/workspace/blog/ThinkPHP/Library/Think/Dispatcher.class.php 第 67 行.

[ 2016-05-05T13:18:26+08:00 ] 10.130.27.27 /index.php/Home/Blog/index.html
INFO: [ app_init ] --START--
INFO: Run Behavior\BuildLiteBehavior [ RunTime:0.000021s ]
INFO: [ app_init ] --END-- [ RunTime:0.000149s ]
NOTIC: [8] Undefined variable: rule /home/pzr/workspace/blog/ThinkPHP/Library/Think/Dispatcher.class.php 第 67 行.

[ 2016-05-05T13:18:30+08:00 ] 10.130.27.27 /index.php/Home/Blog/edit/id/18.html
INFO: [ app_init ] --START--
INFO: Run Behavior\BuildLiteBehavior [ RunTime:0.000015s ]
INFO: [ app_init ] --END-- [ RunTime:0.000111s ]
NOTIC: [8] Undefined variable: rule /home/pzr/workspace/blog/ThinkPHP/Library/Think/Dispatcher.class.php 第 67 行.

[ 2016-05-05T13:19:26+08:00 ] 10.130.27.27 /index.php/Home/Blog/edit/id/18.html
INFO: [ app_init ] --START--
INFO: Run Behavior\BuildLiteBehavior [ RunTime:0.000014s ]
INFO: [ app_init ] --END-- [ RunTime:0.000100s ]
NOTIC: [8] Undefined variable: rule /home/pzr/workspace/blog/ThinkPHP/Library/Think/Dispatcher.class.php 第 67 行.

[ 2016-05-05T13:19:50+08:00 ] 10.130.27.27 /index.php/Home/Blog/edit/id/15.html
INFO: [ app_init ] --START--
INFO: Run Behavior\BuildLiteBehavior [ RunTime:0.000016s ]
INFO: [ app_init ] --END-- [ RunTime:0.000118s ]
NOTIC: [8] Undefined variable: rule /home/pzr/workspace/blog/ThinkPHP/Library/Think/Dispatcher.class.php 第 67 行.

[ 2016-05-05T13:30:48+08:00 ] 10.130.27.27 /index.php/Home/Blog/edit/id/15.html
INFO: [ app_init ] --START--
INFO: Run Behavior\BuildLiteBehavior [ RunTime:0.000015s ]
INFO: [ app_init ] --END-- [ RunTime:0.000109s ]
NOTIC: [8] Undefined variable: rule /home/pzr/workspace/blog/ThinkPHP/Library/Think/Dispatcher.class.php 第 67 行.

[ 2016-05-05T13:31:43+08:00 ] 10.130.27.27 /index.php/Home/Blog/edit/id/15.html
INFO: [ app_init ] --START--
INFO: Run Behavior\BuildLiteBehavior [ RunTime:0.000010s ]
INFO: [ app_init ] --END-- [ RunTime:0.000070s ]
NOTIC: [8] Undefined variable: rule /home/pzr/workspace/blog/ThinkPHP/Library/Think/Dispatcher.class.php 第 67 行.

[ 2016-05-05T13:31:53+08:00 ] 10.130.27.27 /index.php/Home/Blog/edit/id/15.html
INFO: [ app_init ] --START--
INFO: Run Behavior\BuildLiteBehavior [ RunTime:0.000018s ]
INFO: [ app_init ] --END-- [ RunTime:0.000165s ]
NOTIC: [8] Undefined variable: rule /home/pzr/workspace/blog/ThinkPHP/Library/Think/Dispatcher.class.php 第 67 行.

[ 2016-05-05T13:32:18+08:00 ] 10.130.27.27 /index.php/Home/Blog/edit/id/15.html
INFO: [ app_init ] --START--
INFO: Run Behavior\BuildLiteBehavior [ RunTime:0.000018s ]
INFO: [ app_init ] --END-- [ RunTime:0.000116s ]
NOTIC: [8] Undefined variable: rule /home/pzr/workspace/blog/ThinkPHP/Library/Think/Dispatcher.class.php 第 67 行.

[ 2016-05-05T13:32:19+08:00 ] 10.130.27.27 /index.php/Home/Blog/edit/id/15.html
INFO: [ app_init ] --START--
INFO: Run Behavior\BuildLiteBehavior [ RunTime:0.000022s ]
INFO: [ app_init ] --END-- [ RunTime:0.000146s ]
NOTIC: [8] Undefined variable: rule /home/pzr/workspace/blog/ThinkPHP/Library/Think/Dispatcher.class.php 第 67 行.

[ 2016-05-05T13:32:35+08:00 ] 10.130.27.27 /index.php/Home/Blog/edit/id/15.html
INFO: [ app_init ] --START--
INFO: Run Behavior\BuildLiteBehavior [ RunTime:0.000106s ]
INFO: [ app_init ] --END-- [ RunTime:0.000368s ]
NOTIC: [8] Undefined variable: rule /home/pzr/workspace/blog/ThinkPHP/Library/Think/Dispatcher.class.php 第 67 行.

[ 2016-05-05T13:32:36+08:00 ] 10.130.27.27 /index.php/Home/Blog/edit/id/15.html
INFO: [ app_init ] --START--
INFO: Run Behavior\BuildLiteBehavior [ RunTime:0.000034s ]
INFO: [ app_init ] --END-- [ RunTime:0.000232s ]
NOTIC: [8] Undefined variable: rule /home/pzr/workspace/blog/ThinkPHP/Library/Think/Dispatcher.class.php 第 67 行.

[ 2016-05-05T13:32:38+08:00 ] 10.130.27.27 /index.php/Home/Blog/edit/id/15.html
INFO: [ app_init ] --START--
INFO: Run Behavior\BuildLiteBehavior [ RunTime:0.000011s ]
INFO: [ app_init ] --END-- [ RunTime:0.000070s ]
NOTIC: [8] Undefined variable: rule /home/pzr/workspace/blog/ThinkPHP/Library/Think/Dispatcher.class.php 第 67 行.

[ 2016-05-05T13:32:43+08:00 ] 10.130.27.27 /index.php/Home/Blog/edit/id/15.html
INFO: [ app_init ] --START--
INFO: Run Behavior\BuildLiteBehavior [ RunTime:0.000021s ]
INFO: [ app_init ] --END-- [ RunTime:0.000138s ]
NOTIC: [8] Undefined variable: rule /home/pzr/workspace/blog/ThinkPHP/Library/Think/Dispatcher.class.php 第 67 行.

[ 2016-05-05T13:33:25+08:00 ] 10.130.27.27 /index.php/Home/Blog/edit/id/15.html
INFO: [ app_init ] --START--
INFO: Run Behavior\BuildLiteBehavior [ RunTime:0.000024s ]
INFO: [ app_init ] --END-- [ RunTime:0.000197s ]
NOTIC: [8] Undefined variable: rule /home/pzr/workspace/blog/ThinkPHP/Library/Think/Dispatcher.class.php 第 67 行.

[ 2016-05-05T13:33:45+08:00 ] 10.130.27.27 /index.php/Home/Blog/edit/id/15.html
INFO: [ app_init ] --START--
INFO: Run Behavior\BuildLiteBehavior [ RunTime:0.000024s ]
INFO: [ app_init ] --END-- [ RunTime:0.000175s ]
NOTIC: [8] Undefined variable: rule /home/pzr/workspace/blog/ThinkPHP/Library/Think/Dispatcher.class.php 第 67 行.

[ 2016-05-05T13:34:15+08:00 ] 10.130.27.27 /index.php/Home/
INFO: [ app_init ] --START--
INFO: Run Behavior\BuildLiteBehavior [ RunTime:0.000020s ]
INFO: [ app_init ] --END-- [ RunTime:0.000149s ]
NOTIC: [8] Undefined variable: rule /home/pzr/workspace/blog/ThinkPHP/Library/Think/Dispatcher.class.php 第 67 行.

[ 2016-05-05T13:34:18+08:00 ] 10.130.27.27 /index.php/Home/Cat/index.html
INFO: [ app_init ] --START--
INFO: Run Behavior\BuildLiteBehavior [ RunTime:0.000009s ]
INFO: [ app_init ] --END-- [ RunTime:0.000070s ]
NOTIC: [8] Undefined variable: rule /home/pzr/workspace/blog/ThinkPHP/Library/Think/Dispatcher.class.php 第 67 行.

[ 2016-05-05T13:34:27+08:00 ] 10.130.27.27 /index.php/Home/
INFO: [ app_init ] --START--
INFO: Run Behavior\BuildLiteBehavior [ RunTime:0.000012s ]
INFO: [ app_init ] --END-- [ RunTime:0.000089s ]
NOTIC: [8] Undefined variable: rule /home/pzr/workspace/blog/ThinkPHP/Library/Think/Dispatcher.class.php 第 67 行.

[ 2016-05-05T13:34:28+08:00 ] 10.130.27.27 /index.php/Home/Blog/index.html
INFO: [ app_init ] --START--
INFO: Run Behavior\BuildLiteBehavior [ RunTime:0.000012s ]
INFO: [ app_init ] --END-- [ RunTime:0.000069s ]
NOTIC: [8] Undefined variable: rule /home/pzr/workspace/blog/ThinkPHP/Library/Think/Dispatcher.class.php 第 67 行.

[ 2016-05-05T13:34:30+08:00 ] 10.130.27.27 /index.php/Home/Cat/index.html
INFO: [ app_init ] --START--
INFO: Run Behavior\BuildLiteBehavior [ RunTime:0.000011s ]
INFO: [ app_init ] --END-- [ RunTime:0.000075s ]
NOTIC: [8] Undefined variable: rule /home/pzr/workspace/blog/ThinkPHP/Library/Think/Dispatcher.class.php 第 67 行.

[ 2016-05-05T13:35:33+08:00 ] 10.130.27.27 /index.php/Home/Cat/index.html
INFO: [ app_init ] --START--
INFO: Run Behavior\BuildLiteBehavior [ RunTime:0.000034s ]
INFO: [ app_init ] --END-- [ RunTime:0.000238s ]
NOTIC: [8] Undefined variable: rule /home/pzr/workspace/blog/ThinkPHP/Library/Think/Dispatcher.class.php 第 67 行.

[ 2016-05-05T13:35:33+08:00 ] 10.130.27.27 /index.php/Home/Cat/index.html
INFO: [ app_init ] --START--
INFO: Run Behavior\BuildLiteBehavior [ RunTime:0.000043s ]
INFO: [ app_init ] --END-- [ RunTime:0.000305s ]
NOTIC: [8] Undefined variable: rule /home/pzr/workspace/blog/ThinkPHP/Library/Think/Dispatcher.class.php 第 67 行.

[ 2016-05-05T13:35:35+08:00 ] 10.130.27.27 /index.php/Home/Attr/index.html
INFO: [ app_init ] --START--
INFO: Run Behavior\BuildLiteBehavior [ RunTime:0.000025s ]
INFO: [ app_init ] --END-- [ RunTime:0.000136s ]
NOTIC: [8] Undefined variable: rule /home/pzr/workspace/blog/ThinkPHP/Library/Think/Dispatcher.class.php 第 67 行.

[ 2016-05-05T13:35:36+08:00 ] 10.130.27.27 /index.php/Home/Cat/index.html
INFO: [ app_init ] --START--
INFO: Run Behavior\BuildLiteBehavior [ RunTime:0.000031s ]
INFO: [ app_init ] --END-- [ RunTime:0.000276s ]
NOTIC: [8] Undefined variable: rule /home/pzr/workspace/blog/ThinkPHP/Library/Think/Dispatcher.class.php 第 67 行.

[ 2016-05-05T13:35:38+08:00 ] 10.130.27.27 /index.php/Home/
INFO: [ app_init ] --START--
INFO: Run Behavior\BuildLiteBehavior [ RunTime:0.000017s ]
INFO: [ app_init ] --END-- [ RunTime:0.000115s ]
NOTIC: [8] Undefined variable: rule /home/pzr/workspace/blog/ThinkPHP/Library/Think/Dispatcher.class.php 第 67 行.

[ 2016-05-05T13:35:39+08:00 ] 10.130.27.27 /index.php/Home/Attr/index.html
INFO: [ app_init ] --START--
INFO: Run Behavior\BuildLiteBehavior [ RunTime:0.000012s ]
INFO: [ app_init ] --END-- [ RunTime:0.000088s ]
NOTIC: [8] Undefined variable: rule /home/pzr/workspace/blog/ThinkPHP/Library/Think/Dispatcher.class.php 第 67 行.

[ 2016-05-05T13:35:40+08:00 ] 10.130.27.27 /index.php/Home/Cat/index.html
INFO: [ app_init ] --START--
INFO: Run Behavior\BuildLiteBehavior [ RunTime:0.000038s ]
INFO: [ app_init ] --END-- [ RunTime:0.000249s ]
NOTIC: [8] Undefined variable: rule /home/pzr/workspace/blog/ThinkPHP/Library/Think/Dispatcher.class.php 第 67 行.

[ 2016-05-05T13:36:59+08:00 ] 10.130.27.27 /index.php/Home/Cat/index.html
INFO: [ app_init ] --START--
INFO: Run Behavior\BuildLiteBehavior [ RunTime:0.000032s ]
INFO: [ app_init ] --END-- [ RunTime:0.000245s ]
NOTIC: [8] Undefined variable: rule /home/pzr/workspace/blog/ThinkPHP/Library/Think/Dispatcher.class.php 第 67 行.

[ 2016-05-05T13:37:01+08:00 ] 10.130.27.27 /index.php/Home/
INFO: [ app_init ] --START--
INFO: Run Behavior\BuildLiteBehavior [ RunTime:0.000023s ]
INFO: [ app_init ] --END-- [ RunTime:0.000155s ]
NOTIC: [8] Undefined variable: rule /home/pzr/workspace/blog/ThinkPHP/Library/Think/Dispatcher.class.php 第 67 行.

[ 2016-05-05T13:37:02+08:00 ] 10.130.27.27 /index.php/Home/Cat/index.html
INFO: [ app_init ] --START--
INFO: Run Behavior\BuildLiteBehavior [ RunTime:0.000017s ]
INFO: [ app_init ] --END-- [ RunTime:0.000106s ]
NOTIC: [8] Undefined variable: rule /home/pzr/workspace/blog/ThinkPHP/Library/Think/Dispatcher.class.php 第 67 行.

[ 2016-05-05T13:37:43+08:00 ] 10.130.27.27 /index.php/Home/Cat/index.html
INFO: [ app_init ] --START--
INFO: Run Behavior\BuildLiteBehavior [ RunTime:0.000021s ]
INFO: [ app_init ] --END-- [ RunTime:0.000152s ]
NOTIC: [8] Undefined variable: rule /home/pzr/workspace/blog/ThinkPHP/Library/Think/Dispatcher.class.php 第 67 行.

[ 2016-05-05T13:38:09+08:00 ] 10.130.27.27 /index.php/Home/Cat/index.html
INFO: [ app_init ] --START--
INFO: Run Behavior\BuildLiteBehavior [ RunTime:0.000046s ]
INFO: [ app_init ] --END-- [ RunTime:0.000296s ]
NOTIC: [8] Undefined variable: rule /home/pzr/workspace/blog/ThinkPHP/Library/Think/Dispatcher.class.php 第 67 行.

[ 2016-05-05T13:38:10+08:00 ] 10.130.27.27 /index.php/Home/
INFO: [ app_init ] --START--
INFO: Run Behavior\BuildLiteBehavior [ RunTime:0.000011s ]
INFO: [ app_init ] --END-- [ RunTime:0.000069s ]
NOTIC: [8] Undefined variable: rule /home/pzr/workspace/blog/ThinkPHP/Library/Think/Dispatcher.class.php 第 67 行.

[ 2016-05-05T13:38:11+08:00 ] 10.130.27.27 /index.php/Home/Cat/index.html
INFO: [ app_init ] --START--
INFO: Run Behavior\BuildLiteBehavior [ RunTime:0.000016s ]
INFO: [ app_init ] --END-- [ RunTime:0.000104s ]
NOTIC: [8] Undefined variable: rule /home/pzr/workspace/blog/ThinkPHP/Library/Think/Dispatcher.class.php 第 67 行.

[ 2016-05-05T13:39:44+08:00 ] 10.130.27.27 /index.php/Home/Blog/index.html
INFO: [ app_init ] --START--
INFO: Run Behavior\BuildLiteBehavior [ RunTime:0.000030s ]
INFO: [ app_init ] --END-- [ RunTime:0.000212s ]
NOTIC: [8] Undefined variable: rule /home/pzr/workspace/blog/ThinkPHP/Library/Think/Dispatcher.class.php 第 67 行.

[ 2016-05-05T13:39:47+08:00 ] 10.130.27.27 /index.php/Home/Blog/edit/id/15.html
INFO: [ app_init ] --START--
INFO: Run Behavior\BuildLiteBehavior [ RunTime:0.000029s ]
INFO: [ app_init ] --END-- [ RunTime:0.000178s ]
NOTIC: [8] Undefined variable: rule /home/pzr/workspace/blog/ThinkPHP/Library/Think/Dispatcher.class.php 第 67 行.

[ 2016-05-05T13:40:29+08:00 ] 10.130.27.27 /index.php/Home/Cat/index.html
INFO: [ app_init ] --START--
INFO: Run Behavior\BuildLiteBehavior [ RunTime:0.000025s ]
INFO: [ app_init ] --END-- [ RunTime:0.000211s ]
NOTIC: [8] Undefined variable: rule /home/pzr/workspace/blog/ThinkPHP/Library/Think/Dispatcher.class.php 第 67 行.

[ 2016-05-05T14:03:23+08:00 ] 127.0.0.1 /admin
INFO: [ app_init ] --START--
INFO: Run Behavior\BuildLiteBehavior [ RunTime:0.000017s ]
INFO: [ app_init ] --END-- [ RunTime:0.000122s ]
NOTIC: [8] Undefined variable: rule /home/pzr/workspace/blog/ThinkPHP/Library/Think/Dispatcher.class.php 第 67 行.

[ 2016-05-05T14:03:25+08:00 ] 127.0.0.1 /index.php/login.html
INFO: [ app_init ] --START--
INFO: Run Behavior\BuildLiteBehavior [ RunTime:0.000028s ]
INFO: [ app_init ] --END-- [ RunTime:0.000192s ]
NOTIC: [8] Undefined variable: rule /home/pzr/workspace/blog/ThinkPHP/Library/Think/Dispatcher.class.php 第 67 行.

[ 2016-05-05T14:03:25+08:00 ] 127.0.0.1 /index.php/Home/Login/verify
INFO: [ app_init ] --START--
INFO: Run Behavior\BuildLiteBehavior [ RunTime:0.000012s ]
INFO: [ app_init ] --END-- [ RunTime:0.000090s ]
NOTIC: [8] Undefined variable: rule /home/pzr/workspace/blog/ThinkPHP/Library/Think/Dispatcher.class.php 第 67 行.

[ 2016-05-05T14:03:34+08:00 ] 127.0.0.1 /index.php/Home/Login/handle
INFO: [ app_init ] --START--
INFO: Run Behavior\BuildLiteBehavior [ RunTime:0.000029s ]
INFO: [ app_init ] --END-- [ RunTime:0.000202s ]
NOTIC: [8] Undefined variable: rule /home/pzr/workspace/blog/ThinkPHP/Library/Think/Dispatcher.class.php 第 67 行.

[ 2016-05-05T14:03:34+08:00 ] 127.0.0.1 /index.php/admin.html
INFO: [ app_init ] --START--
INFO: Run Behavior\BuildLiteBehavior [ RunTime:0.000028s ]
INFO: [ app_init ] --END-- [ RunTime:0.000186s ]
NOTIC: [8] Undefined variable: rule /home/pzr/workspace/blog/ThinkPHP/Library/Think/Dispatcher.class.php 第 67 行.

[ 2016-05-05T14:03:35+08:00 ] 127.0.0.1 /index.php/Home/Blog/index.html
INFO: [ app_init ] --START--
INFO: Run Behavior\BuildLiteBehavior [ RunTime:0.000024s ]
INFO: [ app_init ] --END-- [ RunTime:0.000158s ]
NOTIC: [8] Undefined variable: rule /home/pzr/workspace/blog/ThinkPHP/Library/Think/Dispatcher.class.php 第 67 行.

[ 2016-05-05T14:03:49+08:00 ] 127.0.0.1 /index.php/Home/Blog/edit/id/19.html
INFO: [ app_init ] --START--
INFO: Run Behavior\BuildLiteBehavior [ RunTime:0.000021s ]
INFO: [ app_init ] --END-- [ RunTime:0.000141s ]
NOTIC: [8] Undefined variable: rule /home/pzr/workspace/blog/ThinkPHP/Library/Think/Dispatcher.class.php 第 67 行.

[ 2016-05-05T15:01:55+08:00 ] 127.0.0.1 /admin
INFO: [ app_init ] --START--
INFO: Run Behavior\BuildLiteBehavior [ RunTime:0.000011s ]
INFO: [ app_init ] --END-- [ RunTime:0.000073s ]
NOTIC: [8] Undefined variable: rule /home/pzr/workspace/blog/ThinkPHP/Library/Think/Dispatcher.class.php 第 67 行.

[ 2016-05-05T15:01:57+08:00 ] 127.0.0.1 /index.php/login.html
INFO: [ app_init ] --START--
INFO: Run Behavior\BuildLiteBehavior [ RunTime:0.000029s ]
INFO: [ app_init ] --END-- [ RunTime:0.000198s ]
NOTIC: [8] Undefined variable: rule /home/pzr/workspace/blog/ThinkPHP/Library/Think/Dispatcher.class.php 第 67 行.

[ 2016-05-05T15:01:58+08:00 ] 127.0.0.1 /index.php/Home/Login/verify
INFO: [ app_init ] --START--
INFO: Run Behavior\BuildLiteBehavior [ RunTime:0.000026s ]
INFO: [ app_init ] --END-- [ RunTime:0.000179s ]
NOTIC: [8] Undefined variable: rule /home/pzr/workspace/blog/ThinkPHP/Library/Think/Dispatcher.class.php 第 67 行.

[ 2016-05-05T15:02:05+08:00 ] 127.0.0.1 /index.php/Home/Login/handle
INFO: [ app_init ] --START--
INFO: Run Behavior\BuildLiteBehavior [ RunTime:0.000028s ]
INFO: [ app_init ] --END-- [ RunTime:0.000189s ]
NOTIC: [8] Undefined variable: rule /home/pzr/workspace/blog/ThinkPHP/Library/Think/Dispatcher.class.php 第 67 行.

[ 2016-05-05T15:02:05+08:00 ] 127.0.0.1 /index.php/admin.html
INFO: [ app_init ] --START--
INFO: Run Behavior\BuildLiteBehavior [ RunTime:0.000034s ]
INFO: [ app_init ] --END-- [ RunTime:0.000273s ]
NOTIC: [8] Undefined variable: rule /home/pzr/workspace/blog/ThinkPHP/Library/Think/Dispatcher.class.php 第 67 行.

[ 2016-05-05T15:02:07+08:00 ] 127.0.0.1 /index.php/Home/Blog/index.html
INFO: [ app_init ] --START--
INFO: Run Behavior\BuildLiteBehavior [ RunTime:0.000024s ]
INFO: [ app_init ] --END-- [ RunTime:0.000150s ]
NOTIC: [8] Undefined variable: rule /home/pzr/workspace/blog/ThinkPHP/Library/Think/Dispatcher.class.php 第 67 行.

[ 2016-05-05T15:02:10+08:00 ] 127.0.0.1 /index.php/Home/Blog/edit/id/19.html
INFO: [ app_init ] --START--
INFO: Run Behavior\BuildLiteBehavior [ RunTime:0.000046s ]
INFO: [ app_init ] --END-- [ RunTime:0.000331s ]
NOTIC: [8] Undefined variable: rule /home/pzr/workspace/blog/ThinkPHP/Library/Think/Dispatcher.class.php 第 67 行.

