[ 2016-05-04T09:51:00+08:00 ] 127.0.0.1 /admin
INFO: [ app_init ] --START--
INFO: Run Behavior\BuildLiteBehavior [ RunTime:0.000029s ]
INFO: [ app_init ] --END-- [ RunTime:0.000196s ]
NOTIC: [8] Undefined variable: rule /home/pzr/workspace/blog/ThinkPHP/Library/Think/Dispatcher.class.php 第 67 行.

[ 2016-05-04T09:51:03+08:00 ] 127.0.0.1 /index.php/Home/Blog/index.html
INFO: [ app_init ] --START--
INFO: Run Behavior\BuildLiteBehavior [ RunTime:0.000060s ]
INFO: [ app_init ] --END-- [ RunTime:0.000422s ]
NOTIC: [8] Undefined variable: rule /home/pzr/workspace/blog/ThinkPHP/Library/Think/Dispatcher.class.php 第 67 行.

[ 2016-05-04T09:51:10+08:00 ] 127.0.0.1 /index.php/Home/Cat/index.html
INFO: [ app_init ] --START--
INFO: Run Behavior\BuildLiteBehavior [ RunTime:0.000020s ]
INFO: [ app_init ] --END-- [ RunTime:0.000144s ]
NOTIC: [8] Undefined variable: rule /home/pzr/workspace/blog/ThinkPHP/Library/Think/Dispatcher.class.php 第 67 行.

[ 2016-05-04T09:51:11+08:00 ] 127.0.0.1 /index.php/Home/Blog/index.html
INFO: [ app_init ] --START--
INFO: Run Behavior\BuildLiteBehavior [ RunTime:0.000043s ]
INFO: [ app_init ] --END-- [ RunTime:0.000248s ]
NOTIC: [8] Undefined variable: rule /home/pzr/workspace/blog/ThinkPHP/Library/Think/Dispatcher.class.php 第 67 行.

[ 2016-05-04T09:51:12+08:00 ] 127.0.0.1 /index.php/Home/Cat/index.html
INFO: [ app_init ] --START--
INFO: Run Behavior\BuildLiteBehavior [ RunTime:0.000025s ]
INFO: [ app_init ] --END-- [ RunTime:0.000163s ]
NOTIC: [8] Undefined variable: rule /home/pzr/workspace/blog/ThinkPHP/Library/Think/Dispatcher.class.php 第 67 行.

[ 2016-05-04T09:51:14+08:00 ] 127.0.0.1 /index.php/Home/Cat/add/pid/27/level/5.html
INFO: [ app_init ] --START--
INFO: Run Behavior\BuildLiteBehavior [ RunTime:0.000024s ]
INFO: [ app_init ] --END-- [ RunTime:0.000171s ]
NOTIC: [8] Undefined variable: rule /home/pzr/workspace/blog/ThinkPHP/Library/Think/Dispatcher.class.php 第 67 行.

[ 2016-05-04T09:51:22+08:00 ] 127.0.0.1 /index.php/Home/Blog/index.html
INFO: [ app_init ] --START--
INFO: Run Behavior\BuildLiteBehavior [ RunTime:0.000031s ]
INFO: [ app_init ] --END-- [ RunTime:0.000250s ]
NOTIC: [8] Undefined variable: rule /home/pzr/workspace/blog/ThinkPHP/Library/Think/Dispatcher.class.php 第 67 行.

[ 2016-05-04T09:51:26+08:00 ] 127.0.0.1 /index.php/Home/Blog/index.html
INFO: [ app_init ] --START--
INFO: Run Behavior\BuildLiteBehavior [ RunTime:0.000031s ]
INFO: [ app_init ] --END-- [ RunTime:0.000213s ]
NOTIC: [8] Undefined variable: rule /home/pzr/workspace/blog/ThinkPHP/Library/Think/Dispatcher.class.php 第 67 行.

[ 2016-05-04T09:51:26+08:00 ] 127.0.0.1 /index.php/Home/Blog/add.html
INFO: [ app_init ] --START--
INFO: Run Behavior\BuildLiteBehavior [ RunTime:0.000021s ]
INFO: [ app_init ] --END-- [ RunTime:0.000144s ]
NOTIC: [8] Undefined variable: rule /home/pzr/workspace/blog/ThinkPHP/Library/Think/Dispatcher.class.php 第 67 行.

[ 2016-05-04T09:53:34+08:00 ] 127.0.0.1 /index.php/Home/Blog/add.html
INFO: [ app_init ] --START--
INFO: Run Behavior\BuildLiteBehavior [ RunTime:0.000014s ]
INFO: [ app_init ] --END-- [ RunTime:0.000100s ]
NOTIC: [8] Undefined variable: rule /home/pzr/workspace/blog/ThinkPHP/Library/Think/Dispatcher.class.php 第 67 行.

[ 2016-05-04T09:58:19+08:00 ] 127.0.0.1 /index.php/Home/Blog/add.html
INFO: [ app_init ] --START--
INFO: Run Behavior\BuildLiteBehavior [ RunTime:0.000024s ]
INFO: [ app_init ] --END-- [ RunTime:0.000172s ]
NOTIC: [8] Undefined variable: rule /home/pzr/workspace/blog/ThinkPHP/Library/Think/Dispatcher.class.php 第 67 行.

[ 2016-05-04T09:58:50+08:00 ] 127.0.0.1 /index.php/Home/Blog/add.html
INFO: [ app_init ] --START--
INFO: Run Behavior\BuildLiteBehavior [ RunTime:0.000010s ]
INFO: [ app_init ] --END-- [ RunTime:0.000071s ]
NOTIC: [8] Undefined variable: rule /home/pzr/workspace/blog/ThinkPHP/Library/Think/Dispatcher.class.php 第 67 行.

[ 2016-05-04T09:59:48+08:00 ] 127.0.0.1 /index.php/Home/Blog/add.html
INFO: [ app_init ] --START--
INFO: Run Behavior\BuildLiteBehavior [ RunTime:0.000010s ]
INFO: [ app_init ] --END-- [ RunTime:0.000071s ]
NOTIC: [8] Undefined variable: rule /home/pzr/workspace/blog/ThinkPHP/Library/Think/Dispatcher.class.php 第 67 行.

[ 2016-05-04T10:00:04+08:00 ] 127.0.0.1 /index.php/Home/Blog/add.html
INFO: [ app_init ] --START--
INFO: Run Behavior\BuildLiteBehavior [ RunTime:0.000013s ]
INFO: [ app_init ] --END-- [ RunTime:0.000088s ]
NOTIC: [8] Undefined variable: rule /home/pzr/workspace/blog/ThinkPHP/Library/Think/Dispatcher.class.php 第 67 行.

[ 2016-05-04T10:01:15+08:00 ] 127.0.0.1 /index.php/Home/Blog/add.html
INFO: [ app_init ] --START--
INFO: Run Behavior\BuildLiteBehavior [ RunTime:0.000015s ]
INFO: [ app_init ] --END-- [ RunTime:0.000104s ]
NOTIC: [8] Undefined variable: rule /home/pzr/workspace/blog/ThinkPHP/Library/Think/Dispatcher.class.php 第 67 行.

[ 2016-05-04T10:01:24+08:00 ] 127.0.0.1 /index.php/Home/Blog/add.html
INFO: [ app_init ] --START--
INFO: Run Behavior\BuildLiteBehavior [ RunTime:0.000010s ]
INFO: [ app_init ] --END-- [ RunTime:0.000069s ]
NOTIC: [8] Undefined variable: rule /home/pzr/workspace/blog/ThinkPHP/Library/Think/Dispatcher.class.php 第 67 行.

[ 2016-05-04T10:01:39+08:00 ] 127.0.0.1 /index.php/Home/Blog/add.html
INFO: [ app_init ] --START--
INFO: Run Behavior\BuildLiteBehavior [ RunTime:0.000013s ]
INFO: [ app_init ] --END-- [ RunTime:0.000085s ]
NOTIC: [8] Undefined variable: rule /home/pzr/workspace/blog/ThinkPHP/Library/Think/Dispatcher.class.php 第 67 行.

[ 2016-05-04T10:01:59+08:00 ] 127.0.0.1 /index.php/Home/Blog/add.html
INFO: [ app_init ] --START--
INFO: Run Behavior\BuildLiteBehavior [ RunTime:0.000017s ]
INFO: [ app_init ] --END-- [ RunTime:0.000112s ]
NOTIC: [8] Undefined variable: rule /home/pzr/workspace/blog/ThinkPHP/Library/Think/Dispatcher.class.php 第 67 行.

[ 2016-05-04T10:02:18+08:00 ] 127.0.0.1 /index.php/Home/Blog/add.html
INFO: [ app_init ] --START--
INFO: Run Behavior\BuildLiteBehavior [ RunTime:0.000011s ]
INFO: [ app_init ] --END-- [ RunTime:0.000071s ]
NOTIC: [8] Undefined variable: rule /home/pzr/workspace/blog/ThinkPHP/Library/Think/Dispatcher.class.php 第 67 行.

[ 2016-05-04T10:02:40+08:00 ] 127.0.0.1 /index.php/Home/Blog/add.html
INFO: [ app_init ] --START--
INFO: Run Behavior\BuildLiteBehavior [ RunTime:0.000010s ]
INFO: [ app_init ] --END-- [ RunTime:0.000073s ]
NOTIC: [8] Undefined variable: rule /home/pzr/workspace/blog/ThinkPHP/Library/Think/Dispatcher.class.php 第 67 行.

[ 2016-05-04T10:02:51+08:00 ] 127.0.0.1 /index.php/Home/Blog/add.html
INFO: [ app_init ] --START--
INFO: Run Behavior\BuildLiteBehavior [ RunTime:0.000015s ]
INFO: [ app_init ] --END-- [ RunTime:0.000103s ]
NOTIC: [8] Undefined variable: rule /home/pzr/workspace/blog/ThinkPHP/Library/Think/Dispatcher.class.php 第 67 行.

[ 2016-05-04T10:03:01+08:00 ] 127.0.0.1 /index.php/Home/Blog/add.html
INFO: [ app_init ] --START--
INFO: Run Behavior\BuildLiteBehavior [ RunTime:0.000010s ]
INFO: [ app_init ] --END-- [ RunTime:0.000065s ]
NOTIC: [8] Undefined variable: rule /home/pzr/workspace/blog/ThinkPHP/Library/Think/Dispatcher.class.php 第 67 行.

[ 2016-05-04T10:03:16+08:00 ] 127.0.0.1 /index.php/Home/Blog/add.html
INFO: [ app_init ] --START--
INFO: Run Behavior\BuildLiteBehavior [ RunTime:0.000015s ]
INFO: [ app_init ] --END-- [ RunTime:0.000106s ]
NOTIC: [8] Undefined variable: rule /home/pzr/workspace/blog/ThinkPHP/Library/Think/Dispatcher.class.php 第 67 行.

[ 2016-05-04T10:03:26+08:00 ] 127.0.0.1 /index.php/Home/Blog/add.html
INFO: [ app_init ] --START--
INFO: Run Behavior\BuildLiteBehavior [ RunTime:0.000014s ]
INFO: [ app_init ] --END-- [ RunTime:0.000097s ]
NOTIC: [8] Undefined variable: rule /home/pzr/workspace/blog/ThinkPHP/Library/Think/Dispatcher.class.php 第 67 行.

[ 2016-05-04T10:03:37+08:00 ] 127.0.0.1 /index.php/Home/Blog/add.html
INFO: [ app_init ] --START--
INFO: Run Behavior\BuildLiteBehavior [ RunTime:0.000011s ]
INFO: [ app_init ] --END-- [ RunTime:0.000075s ]
NOTIC: [8] Undefined variable: rule /home/pzr/workspace/blog/ThinkPHP/Library/Think/Dispatcher.class.php 第 67 行.

[ 2016-05-04T10:03:48+08:00 ] 127.0.0.1 /index.php/Home/Blog/add.html
INFO: [ app_init ] --START--
INFO: Run Behavior\BuildLiteBehavior [ RunTime:0.000019s ]
INFO: [ app_init ] --END-- [ RunTime:0.000146s ]
NOTIC: [8] Undefined variable: rule /home/pzr/workspace/blog/ThinkPHP/Library/Think/Dispatcher.class.php 第 67 行.

[ 2016-05-04T10:03:56+08:00 ] 127.0.0.1 /index.php/Home/Blog/add.html
INFO: [ app_init ] --START--
INFO: Run Behavior\BuildLiteBehavior [ RunTime:0.000015s ]
INFO: [ app_init ] --END-- [ RunTime:0.000097s ]
NOTIC: [8] Undefined variable: rule /home/pzr/workspace/blog/ThinkPHP/Library/Think/Dispatcher.class.php 第 67 行.

[ 2016-05-04T10:04:03+08:00 ] 127.0.0.1 /index.php/Home/Blog/add.html
INFO: [ app_init ] --START--
INFO: Run Behavior\BuildLiteBehavior [ RunTime:0.000015s ]
INFO: [ app_init ] --END-- [ RunTime:0.000106s ]
NOTIC: [8] Undefined variable: rule /home/pzr/workspace/blog/ThinkPHP/Library/Think/Dispatcher.class.php 第 67 行.

[ 2016-05-04T10:04:14+08:00 ] 127.0.0.1 /index.php/Home/Blog/add.html
INFO: [ app_init ] --START--
INFO: Run Behavior\BuildLiteBehavior [ RunTime:0.000015s ]
INFO: [ app_init ] --END-- [ RunTime:0.000101s ]
NOTIC: [8] Undefined variable: rule /home/pzr/workspace/blog/ThinkPHP/Library/Think/Dispatcher.class.php 第 67 行.

[ 2016-05-04T10:04:27+08:00 ] 127.0.0.1 /index.php/Home/Blog/add.html
INFO: [ app_init ] --START--
INFO: Run Behavior\BuildLiteBehavior [ RunTime:0.000014s ]
INFO: [ app_init ] --END-- [ RunTime:0.000102s ]
NOTIC: [8] Undefined variable: rule /home/pzr/workspace/blog/ThinkPHP/Library/Think/Dispatcher.class.php 第 67 行.

[ 2016-05-04T10:04:37+08:00 ] 127.0.0.1 /index.php/Home/Blog/add.html
INFO: [ app_init ] --START--
INFO: Run Behavior\BuildLiteBehavior [ RunTime:0.000013s ]
INFO: [ app_init ] --END-- [ RunTime:0.000097s ]
NOTIC: [8] Undefined variable: rule /home/pzr/workspace/blog/ThinkPHP/Library/Think/Dispatcher.class.php 第 67 行.

[ 2016-05-04T10:04:55+08:00 ] 127.0.0.1 /index.php/Home/Blog/add.html
INFO: [ app_init ] --START--
INFO: Run Behavior\BuildLiteBehavior [ RunTime:0.000011s ]
INFO: [ app_init ] --END-- [ RunTime:0.000081s ]
NOTIC: [8] Undefined variable: rule /home/pzr/workspace/blog/ThinkPHP/Library/Think/Dispatcher.class.php 第 67 行.

[ 2016-05-04T10:05:22+08:00 ] 127.0.0.1 /index.php/Home/Blog/add.html
INFO: [ app_init ] --START--
INFO: Run Behavior\BuildLiteBehavior [ RunTime:0.000009s ]
INFO: [ app_init ] --END-- [ RunTime:0.000093s ]
NOTIC: [8] Undefined variable: rule /home/pzr/workspace/blog/ThinkPHP/Library/Think/Dispatcher.class.php 第 67 行.

[ 2016-05-04T10:05:34+08:00 ] 127.0.0.1 /index.php/Home/Blog/add.html
INFO: [ app_init ] --START--
INFO: Run Behavior\BuildLiteBehavior [ RunTime:0.000013s ]
INFO: [ app_init ] --END-- [ RunTime:0.000079s ]
NOTIC: [8] Undefined variable: rule /home/pzr/workspace/blog/ThinkPHP/Library/Think/Dispatcher.class.php 第 67 行.

[ 2016-05-04T10:07:45+08:00 ] 127.0.0.1 /index.php/Home/Blog/add.html
INFO: [ app_init ] --START--
INFO: Run Behavior\BuildLiteBehavior [ RunTime:0.000017s ]
INFO: [ app_init ] --END-- [ RunTime:0.000111s ]
NOTIC: [8] Undefined variable: rule /home/pzr/workspace/blog/ThinkPHP/Library/Think/Dispatcher.class.php 第 67 行.

[ 2016-05-04T10:09:08+08:00 ] 127.0.0.1 /index.php/Home/Blog/add.html
INFO: [ app_init ] --START--
INFO: Run Behavior\BuildLiteBehavior [ RunTime:0.000011s ]
INFO: [ app_init ] --END-- [ RunTime:0.000069s ]
NOTIC: [8] Undefined variable: rule /home/pzr/workspace/blog/ThinkPHP/Library/Think/Dispatcher.class.php 第 67 行.

[ 2016-05-04T10:49:59+08:00 ] 127.0.0.1 /index.php/Home/Blog/add.html
INFO: [ app_init ] --START--
INFO: Run Behavior\BuildLiteBehavior [ RunTime:0.000015s ]
INFO: [ app_init ] --END-- [ RunTime:0.000111s ]
NOTIC: [8] Undefined variable: rule /home/pzr/workspace/blog/ThinkPHP/Library/Think/Dispatcher.class.php 第 67 行.

[ 2016-05-04T10:50:03+08:00 ] 127.0.0.1 /index.php/login.html
INFO: [ app_init ] --START--
INFO: Run Behavior\BuildLiteBehavior [ RunTime:0.000039s ]
INFO: [ app_init ] --END-- [ RunTime:0.000278s ]
NOTIC: [8] Undefined variable: rule /home/pzr/workspace/blog/ThinkPHP/Library/Think/Dispatcher.class.php 第 67 行.

[ 2016-05-04T10:50:03+08:00 ] 127.0.0.1 /index.php/Home/Login/verify
INFO: [ app_init ] --START--
INFO: Run Behavior\BuildLiteBehavior [ RunTime:0.000028s ]
INFO: [ app_init ] --END-- [ RunTime:0.000165s ]
NOTIC: [8] Undefined variable: rule /home/pzr/workspace/blog/ThinkPHP/Library/Think/Dispatcher.class.php 第 67 行.

[ 2016-05-04T10:50:18+08:00 ] 127.0.0.1 /index.php/Home/Login/handle
INFO: [ app_init ] --START--
INFO: Run Behavior\BuildLiteBehavior [ RunTime:0.000035s ]
INFO: [ app_init ] --END-- [ RunTime:0.000248s ]
NOTIC: [8] Undefined variable: rule /home/pzr/workspace/blog/ThinkPHP/Library/Think/Dispatcher.class.php 第 67 行.

[ 2016-05-04T10:50:18+08:00 ] 127.0.0.1 /index.php/admin.html
INFO: [ app_init ] --START--
INFO: Run Behavior\BuildLiteBehavior [ RunTime:0.000022s ]
INFO: [ app_init ] --END-- [ RunTime:0.000146s ]
NOTIC: [8] Undefined variable: rule /home/pzr/workspace/blog/ThinkPHP/Library/Think/Dispatcher.class.php 第 67 行.

[ 2016-05-04T10:50:29+08:00 ] 127.0.0.1 /index.php/Home/Blog/index.html
INFO: [ app_init ] --START--
INFO: Run Behavior\BuildLiteBehavior [ RunTime:0.000017s ]
INFO: [ app_init ] --END-- [ RunTime:0.000108s ]
NOTIC: [8] Undefined variable: rule /home/pzr/workspace/blog/ThinkPHP/Library/Think/Dispatcher.class.php 第 67 行.

[ 2016-05-04T10:50:30+08:00 ] 127.0.0.1 /index.php/Home/Blog/index.html
INFO: [ app_init ] --START--
INFO: Run Behavior\BuildLiteBehavior [ RunTime:0.000026s ]
INFO: [ app_init ] --END-- [ RunTime:0.000170s ]
NOTIC: [8] Undefined variable: rule /home/pzr/workspace/blog/ThinkPHP/Library/Think/Dispatcher.class.php 第 67 行.

[ 2016-05-04T10:50:45+08:00 ] 127.0.0.1 /index.php/Home/Login/handle
INFO: [ app_init ] --START--
INFO: Run Behavior\BuildLiteBehavior [ RunTime:0.000031s ]
INFO: [ app_init ] --END-- [ RunTime:0.000212s ]
NOTIC: [8] Undefined variable: rule /home/pzr/workspace/blog/ThinkPHP/Library/Think/Dispatcher.class.php 第 67 行.

[ 2016-05-04T10:50:49+08:00 ] 127.0.0.1 /index.php/Home/Login/verify/0.8500560394022614
INFO: [ app_init ] --START--
INFO: Run Behavior\BuildLiteBehavior [ RunTime:0.000046s ]
INFO: [ app_init ] --END-- [ RunTime:0.000309s ]
NOTIC: [8] Undefined variable: rule /home/pzr/workspace/blog/ThinkPHP/Library/Think/Dispatcher.class.php 第 67 行.

[ 2016-05-04T10:50:54+08:00 ] 127.0.0.1 /index.php/Home/Login/handle
INFO: [ app_init ] --START--
INFO: Run Behavior\BuildLiteBehavior [ RunTime:0.000015s ]
INFO: [ app_init ] --END-- [ RunTime:0.000107s ]
NOTIC: [8] Undefined variable: rule /home/pzr/workspace/blog/ThinkPHP/Library/Think/Dispatcher.class.php 第 67 行.

[ 2016-05-04T10:50:54+08:00 ] 127.0.0.1 /index.php/admin.html
INFO: [ app_init ] --START--
INFO: Run Behavior\BuildLiteBehavior [ RunTime:0.000015s ]
INFO: [ app_init ] --END-- [ RunTime:0.000098s ]
NOTIC: [8] Undefined variable: rule /home/pzr/workspace/blog/ThinkPHP/Library/Think/Dispatcher.class.php 第 67 行.

[ 2016-05-04T10:50:55+08:00 ] 127.0.0.1 /index.php/Home/Blog/index.html
INFO: [ app_init ] --START--
INFO: Run Behavior\BuildLiteBehavior [ RunTime:0.000024s ]
INFO: [ app_init ] --END-- [ RunTime:0.000143s ]
NOTIC: [8] Undefined variable: rule /home/pzr/workspace/blog/ThinkPHP/Library/Think/Dispatcher.class.php 第 67 行.

[ 2016-05-04T10:50:57+08:00 ] 127.0.0.1 /index.php/Home/Blog/add.html
INFO: [ app_init ] --START--
INFO: Run Behavior\BuildLiteBehavior [ RunTime:0.000028s ]
INFO: [ app_init ] --END-- [ RunTime:0.000190s ]
NOTIC: [8] Undefined variable: rule /home/pzr/workspace/blog/ThinkPHP/Library/Think/Dispatcher.class.php 第 67 行.

[ 2016-05-04T10:52:53+08:00 ] 127.0.0.1 /index.php/Home/Blog/add.html
INFO: [ app_init ] --START--
INFO: Run Behavior\BuildLiteBehavior [ RunTime:0.000014s ]
INFO: [ app_init ] --END-- [ RunTime:0.000125s ]
NOTIC: [8] Undefined variable: rule /home/pzr/workspace/blog/ThinkPHP/Library/Think/Dispatcher.class.php 第 67 行.

[ 2016-05-04T10:52:53+08:00 ] 127.0.0.1 /index.php/Home/Blog/index.html
INFO: [ app_init ] --START--
INFO: Run Behavior\BuildLiteBehavior [ RunTime:0.000021s ]
INFO: [ app_init ] --END-- [ RunTime:0.000129s ]
NOTIC: [8] Undefined variable: rule /home/pzr/workspace/blog/ThinkPHP/Library/Think/Dispatcher.class.php 第 67 行.

[ 2016-05-04T10:52:55+08:00 ] 127.0.0.1 /index.php/Home/Blog/edit/id/19.html
INFO: [ app_init ] --START--
INFO: Run Behavior\BuildLiteBehavior [ RunTime:0.000032s ]
INFO: [ app_init ] --END-- [ RunTime:0.000248s ]
NOTIC: [8] Undefined variable: rule /home/pzr/workspace/blog/ThinkPHP/Library/Think/Dispatcher.class.php 第 67 行.

[ 2016-05-04T10:54:07+08:00 ] 10.130.27.27 /index.php/admin.html
INFO: [ app_init ] --START--
INFO: Run Behavior\BuildLiteBehavior [ RunTime:0.000010s ]
INFO: [ app_init ] --END-- [ RunTime:0.000087s ]
NOTIC: [8] Undefined variable: rule /home/pzr/workspace/blog/ThinkPHP/Library/Think/Dispatcher.class.php 第 67 行.

[ 2016-05-04T10:54:08+08:00 ] 10.130.27.27 /index.php/login.html
INFO: [ app_init ] --START--
INFO: Run Behavior\BuildLiteBehavior [ RunTime:0.000017s ]
INFO: [ app_init ] --END-- [ RunTime:0.000112s ]
NOTIC: [8] Undefined variable: rule /home/pzr/workspace/blog/ThinkPHP/Library/Think/Dispatcher.class.php 第 67 行.

[ 2016-05-04T10:54:08+08:00 ] 10.130.27.27 /index.php/Home/Login/verify
INFO: [ app_init ] --START--
INFO: Run Behavior\BuildLiteBehavior [ RunTime:0.000011s ]
INFO: [ app_init ] --END-- [ RunTime:0.000069s ]
NOTIC: [8] Undefined variable: rule /home/pzr/workspace/blog/ThinkPHP/Library/Think/Dispatcher.class.php 第 67 行.

[ 2016-05-04T10:54:13+08:00 ] 10.130.27.27 /index.php/Home/Login/handle
INFO: [ app_init ] --START--
INFO: Run Behavior\BuildLiteBehavior [ RunTime:0.000033s ]
INFO: [ app_init ] --END-- [ RunTime:0.000253s ]
NOTIC: [8] Undefined variable: rule /home/pzr/workspace/blog/ThinkPHP/Library/Think/Dispatcher.class.php 第 67 行.

[ 2016-05-04T10:54:13+08:00 ] 10.130.27.27 /index.php/admin.html
INFO: [ app_init ] --START--
INFO: Run Behavior\BuildLiteBehavior [ RunTime:0.000015s ]
INFO: [ app_init ] --END-- [ RunTime:0.000101s ]
NOTIC: [8] Undefined variable: rule /home/pzr/workspace/blog/ThinkPHP/Library/Think/Dispatcher.class.php 第 67 行.

[ 2016-05-04T11:14:15+08:00 ] 127.0.0.1 /index.php/Home/Blog/add.html
INFO: [ app_init ] --START--
INFO: Run Behavior\BuildLiteBehavior [ RunTime:0.000026s ]
INFO: [ app_init ] --END-- [ RunTime:0.000181s ]
NOTIC: [8] Undefined variable: rule /home/pzr/workspace/blog/ThinkPHP/Library/Think/Dispatcher.class.php 第 67 行.

[ 2016-05-04T11:14:21+08:00 ] 127.0.0.1 /index.php/Home/Blog/add.html
INFO: [ app_init ] --START--
INFO: Run Behavior\BuildLiteBehavior [ RunTime:0.000038s ]
INFO: [ app_init ] --END-- [ RunTime:0.000283s ]
NOTIC: [8] Undefined variable: rule /home/pzr/workspace/blog/ThinkPHP/Library/Think/Dispatcher.class.php 第 67 行.

[ 2016-05-04T11:15:46+08:00 ] 10.130.27.27 /index.php/Home/Blog/index.html
INFO: [ app_init ] --START--
INFO: Run Behavior\BuildLiteBehavior [ RunTime:0.000014s ]
INFO: [ app_init ] --END-- [ RunTime:0.000098s ]
NOTIC: [8] Undefined variable: rule /home/pzr/workspace/blog/ThinkPHP/Library/Think/Dispatcher.class.php 第 67 行.

[ 2016-05-04T11:15:55+08:00 ] 10.130.27.27 /index.php/Home/Login/handle
INFO: [ app_init ] --START--
INFO: Run Behavior\BuildLiteBehavior [ RunTime:0.000037s ]
INFO: [ app_init ] --END-- [ RunTime:0.000252s ]
NOTIC: [8] Undefined variable: rule /home/pzr/workspace/blog/ThinkPHP/Library/Think/Dispatcher.class.php 第 67 行.

[ 2016-05-04T11:16:00+08:00 ] 10.130.27.27 /index.php/Home/Login/verify/0.8596284808591008
INFO: [ app_init ] --START--
INFO: Run Behavior\BuildLiteBehavior [ RunTime:0.000026s ]
INFO: [ app_init ] --END-- [ RunTime:0.000166s ]
NOTIC: [8] Undefined variable: rule /home/pzr/workspace/blog/ThinkPHP/Library/Think/Dispatcher.class.php 第 67 行.

[ 2016-05-04T11:16:03+08:00 ] 10.130.27.27 /index.php/Home/Login/handle
INFO: [ app_init ] --START--
INFO: Run Behavior\BuildLiteBehavior [ RunTime:0.000027s ]
INFO: [ app_init ] --END-- [ RunTime:0.000184s ]
NOTIC: [8] Undefined variable: rule /home/pzr/workspace/blog/ThinkPHP/Library/Think/Dispatcher.class.php 第 67 行.

[ 2016-05-04T11:16:03+08:00 ] 10.130.27.27 /index.php/admin.html
INFO: [ app_init ] --START--
INFO: Run Behavior\BuildLiteBehavior [ RunTime:0.000015s ]
INFO: [ app_init ] --END-- [ RunTime:0.000093s ]
NOTIC: [8] Undefined variable: rule /home/pzr/workspace/blog/ThinkPHP/Library/Think/Dispatcher.class.php 第 67 行.

[ 2016-05-04T11:16:04+08:00 ] 10.130.27.27 /index.php/Home/Blog/index.html
INFO: [ app_init ] --START--
INFO: Run Behavior\BuildLiteBehavior [ RunTime:0.000021s ]
INFO: [ app_init ] --END-- [ RunTime:0.000134s ]
NOTIC: [8] Undefined variable: rule /home/pzr/workspace/blog/ThinkPHP/Library/Think/Dispatcher.class.php 第 67 行.

[ 2016-05-04T11:16:33+08:00 ] 127.0.0.1 /index.php/Home/Blog/index.html
INFO: [ app_init ] --START--
INFO: Run Behavior\BuildLiteBehavior [ RunTime:0.000016s ]
INFO: [ app_init ] --END-- [ RunTime:0.000111s ]
NOTIC: [8] Undefined variable: rule /home/pzr/workspace/blog/ThinkPHP/Library/Think/Dispatcher.class.php 第 67 行.

[ 2016-05-04T11:16:35+08:00 ] 127.0.0.1 /index.php/Home/Blog/edit/id/19.html
INFO: [ app_init ] --START--
INFO: Run Behavior\BuildLiteBehavior [ RunTime:0.000044s ]
INFO: [ app_init ] --END-- [ RunTime:0.000297s ]
NOTIC: [8] Undefined variable: rule /home/pzr/workspace/blog/ThinkPHP/Library/Think/Dispatcher.class.php 第 67 行.

[ 2016-05-04T11:17:55+08:00 ] 127.0.0.1 /index.php/Home/Blog/add.html
INFO: [ app_init ] --START--
INFO: Run Behavior\BuildLiteBehavior [ RunTime:0.000014s ]
INFO: [ app_init ] --END-- [ RunTime:0.000100s ]
NOTIC: [8] Undefined variable: rule /home/pzr/workspace/blog/ThinkPHP/Library/Think/Dispatcher.class.php 第 67 行.

[ 2016-05-04T11:18:34+08:00 ] 10.130.27.27 /index.php/Home/Blog/add.html
INFO: [ app_init ] --START--
INFO: Run Behavior\BuildLiteBehavior [ RunTime:0.000021s ]
INFO: [ app_init ] --END-- [ RunTime:0.000150s ]
NOTIC: [8] Undefined variable: rule /home/pzr/workspace/blog/ThinkPHP/Library/Think/Dispatcher.class.php 第 67 行.

[ 2016-05-04T11:18:37+08:00 ] 10.130.27.27 /index.php/Home/Blog/edit/id/19.html
INFO: [ app_init ] --START--
INFO: Run Behavior\BuildLiteBehavior [ RunTime:0.000032s ]
INFO: [ app_init ] --END-- [ RunTime:0.000200s ]
NOTIC: [8] Undefined variable: rule /home/pzr/workspace/blog/ThinkPHP/Library/Think/Dispatcher.class.php 第 67 行.

[ 2016-05-04T11:20:32+08:00 ] 127.0.0.1 /index.php/admin.html
INFO: [ app_init ] --START--
INFO: Run Behavior\BuildLiteBehavior [ RunTime:0.000016s ]
INFO: [ app_init ] --END-- [ RunTime:0.000110s ]
NOTIC: [8] Undefined variable: rule /home/pzr/workspace/blog/ThinkPHP/Library/Think/Dispatcher.class.php 第 67 行.

[ 2016-05-04T11:21:20+08:00 ] 127.0.0.1 /index.php/Home/Blog/index.html
INFO: [ app_init ] --START--
INFO: Run Behavior\BuildLiteBehavior [ RunTime:0.000033s ]
INFO: [ app_init ] --END-- [ RunTime:0.000234s ]
NOTIC: [8] Undefined variable: rule /home/pzr/workspace/blog/ThinkPHP/Library/Think/Dispatcher.class.php 第 67 行.

[ 2016-05-04T11:21:29+08:00 ] 127.0.0.1 /index.php/Home/Blog/edit/id/19.html
INFO: [ app_init ] --START--
INFO: Run Behavior\BuildLiteBehavior [ RunTime:0.000027s ]
INFO: [ app_init ] --END-- [ RunTime:0.000229s ]
NOTIC: [8] Undefined variable: rule /home/pzr/workspace/blog/ThinkPHP/Library/Think/Dispatcher.class.php 第 67 行.

[ 2016-05-04T11:27:21+08:00 ] 127.0.0.1 /index.php/admin.html
INFO: [ app_init ] --START--
INFO: Run Behavior\BuildLiteBehavior [ RunTime:0.000029s ]
INFO: [ app_init ] --END-- [ RunTime:0.000208s ]
NOTIC: [8] Undefined variable: rule /home/pzr/workspace/blog/ThinkPHP/Library/Think/Dispatcher.class.php 第 67 行.

[ 2016-05-04T11:27:22+08:00 ] 127.0.0.1 /index.php/Home/Blog/index.html
INFO: [ app_init ] --START--
INFO: Run Behavior\BuildLiteBehavior [ RunTime:0.000014s ]
INFO: [ app_init ] --END-- [ RunTime:0.000088s ]
NOTIC: [8] Undefined variable: rule /home/pzr/workspace/blog/ThinkPHP/Library/Think/Dispatcher.class.php 第 67 行.

[ 2016-05-04T11:28:05+08:00 ] 127.0.0.1 /index.php/Home/Blog/edit/id/19.html
INFO: [ app_init ] --START--
INFO: Run Behavior\BuildLiteBehavior [ RunTime:0.000042s ]
INFO: [ app_init ] --END-- [ RunTime:0.000318s ]
NOTIC: [8] Undefined variable: rule /home/pzr/workspace/blog/ThinkPHP/Library/Think/Dispatcher.class.php 第 67 行.

[ 2016-05-04T11:38:57+08:00 ] 127.0.0.1 /index.php/Home/Blog/gc.html
INFO: [ app_init ] --START--
INFO: Run Behavior\BuildLiteBehavior [ RunTime:0.000009s ]
INFO: [ app_init ] --END-- [ RunTime:0.000065s ]
NOTIC: [8] Undefined variable: rule /home/pzr/workspace/blog/ThinkPHP/Library/Think/Dispatcher.class.php 第 67 行.

[ 2016-05-04T11:38:59+08:00 ] 127.0.0.1 /index.php/Home/Blog/index.html
INFO: [ app_init ] --START--
INFO: Run Behavior\BuildLiteBehavior [ RunTime:0.000021s ]
INFO: [ app_init ] --END-- [ RunTime:0.000137s ]
NOTIC: [8] Undefined variable: rule /home/pzr/workspace/blog/ThinkPHP/Library/Think/Dispatcher.class.php 第 67 行.

[ 2016-05-04T11:39:01+08:00 ] 127.0.0.1 /index.php/Home/Attr/index.html
INFO: [ app_init ] --START--
INFO: Run Behavior\BuildLiteBehavior [ RunTime:0.000020s ]
INFO: [ app_init ] --END-- [ RunTime:0.000159s ]
NOTIC: [8] Undefined variable: rule /home/pzr/workspace/blog/ThinkPHP/Library/Think/Dispatcher.class.php 第 67 行.

[ 2016-05-04T11:39:03+08:00 ] 127.0.0.1 /index.php/Home/Rbac/role.html
INFO: [ app_init ] --START--
INFO: Run Behavior\BuildLiteBehavior [ RunTime:0.000009s ]
INFO: [ app_init ] --END-- [ RunTime:0.000066s ]
NOTIC: [8] Undefined variable: rule /home/pzr/workspace/blog/ThinkPHP/Library/Think/Dispatcher.class.php 第 67 行.

[ 2016-05-04T11:39:05+08:00 ] 127.0.0.1 /index.php/Home/Rbac/node.html
INFO: [ app_init ] --START--
INFO: Run Behavior\BuildLiteBehavior [ RunTime:0.000032s ]
INFO: [ app_init ] --END-- [ RunTime:0.000219s ]
NOTIC: [8] Undefined variable: rule /home/pzr/workspace/blog/ThinkPHP/Library/Think/Dispatcher.class.php 第 67 行.

[ 2016-05-04T11:39:05+08:00 ] 127.0.0.1 /index.php/Home/Rbac/access.html
INFO: [ app_init ] --START--
INFO: Run Behavior\BuildLiteBehavior [ RunTime:0.000046s ]
INFO: [ app_init ] --END-- [ RunTime:0.000296s ]
NOTIC: [8] Undefined variable: rule /home/pzr/workspace/blog/ThinkPHP/Library/Think/Dispatcher.class.php 第 67 行.

[ 2016-05-04T11:39:06+08:00 ] 127.0.0.1 /index.php/Home/User/index.html
INFO: [ app_init ] --START--
INFO: Run Behavior\BuildLiteBehavior [ RunTime:0.000019s ]
INFO: [ app_init ] --END-- [ RunTime:0.000123s ]
NOTIC: [8] Undefined variable: rule /home/pzr/workspace/blog/ThinkPHP/Library/Think/Dispatcher.class.php 第 67 行.

[ 2016-05-04T11:39:08+08:00 ] 127.0.0.1 /index.php/Home/Cat/index.html
INFO: [ app_init ] --START--
INFO: Run Behavior\BuildLiteBehavior [ RunTime:0.000017s ]
INFO: [ app_init ] --END-- [ RunTime:0.000115s ]
NOTIC: [8] Undefined variable: rule /home/pzr/workspace/blog/ThinkPHP/Library/Think/Dispatcher.class.php 第 67 行.

[ 2016-05-04T11:39:10+08:00 ] 127.0.0.1 /index.php/Home/Blog/index.html
INFO: [ app_init ] --START--
INFO: Run Behavior\BuildLiteBehavior [ RunTime:0.000019s ]
INFO: [ app_init ] --END-- [ RunTime:0.000127s ]
NOTIC: [8] Undefined variable: rule /home/pzr/workspace/blog/ThinkPHP/Library/Think/Dispatcher.class.php 第 67 行.

[ 2016-05-04T11:39:21+08:00 ] 127.0.0.1 /index.php/admin.html
INFO: [ app_init ] --START--
INFO: Run Behavior\BuildLiteBehavior [ RunTime:0.000021s ]
INFO: [ app_init ] --END-- [ RunTime:0.000129s ]
NOTIC: [8] Undefined variable: rule /home/pzr/workspace/blog/ThinkPHP/Library/Think/Dispatcher.class.php 第 67 行.

[ 2016-05-04T11:39:23+08:00 ] 127.0.0.1 /index.php/Home/Blog/index.html
INFO: [ app_init ] --START--
INFO: Run Behavior\BuildLiteBehavior [ RunTime:0.000042s ]
INFO: [ app_init ] --END-- [ RunTime:0.000289s ]
NOTIC: [8] Undefined variable: rule /home/pzr/workspace/blog/ThinkPHP/Library/Think/Dispatcher.class.php 第 67 行.

[ 2016-05-04T11:39:25+08:00 ] 127.0.0.1 /index.php/Home/Blog/edit/id/19.html
INFO: [ app_init ] --START--
INFO: Run Behavior\BuildLiteBehavior [ RunTime:0.000021s ]
INFO: [ app_init ] --END-- [ RunTime:0.000153s ]
NOTIC: [8] Undefined variable: rule /home/pzr/workspace/blog/ThinkPHP/Library/Think/Dispatcher.class.php 第 67 行.

[ 2016-05-04T11:40:51+08:00 ] 127.0.0.1 /index.php/admin.html
INFO: [ app_init ] --START--
INFO: Run Behavior\BuildLiteBehavior [ RunTime:0.000018s ]
INFO: [ app_init ] --END-- [ RunTime:0.000123s ]
NOTIC: [8] Undefined variable: rule /home/pzr/workspace/blog/ThinkPHP/Library/Think/Dispatcher.class.php 第 67 行.

[ 2016-05-04T11:40:52+08:00 ] 127.0.0.1 /index.php/Home/Blog/index.html
INFO: [ app_init ] --START--
INFO: Run Behavior\BuildLiteBehavior [ RunTime:0.000026s ]
INFO: [ app_init ] --END-- [ RunTime:0.000178s ]
NOTIC: [8] Undefined variable: rule /home/pzr/workspace/blog/ThinkPHP/Library/Think/Dispatcher.class.php 第 67 行.

[ 2016-05-04T11:40:54+08:00 ] 127.0.0.1 /index.php/Home/Blog/edit/id/19.html
INFO: [ app_init ] --START--
INFO: Run Behavior\BuildLiteBehavior [ RunTime:0.000027s ]
INFO: [ app_init ] --END-- [ RunTime:0.000191s ]
NOTIC: [8] Undefined variable: rule /home/pzr/workspace/blog/ThinkPHP/Library/Think/Dispatcher.class.php 第 67 行.

[ 2016-05-04T11:41:01+08:00 ] 127.0.0.1 /index.php/Home/Blog/index.html
INFO: [ app_init ] --START--
INFO: Run Behavior\BuildLiteBehavior [ RunTime:0.000016s ]
INFO: [ app_init ] --END-- [ RunTime:0.000187s ]
NOTIC: [8] Undefined variable: rule /home/pzr/workspace/blog/ThinkPHP/Library/Think/Dispatcher.class.php 第 67 行.

[ 2016-05-04T11:41:03+08:00 ] 127.0.0.1 /index.php/Home/Blog/edit/id/17.html
INFO: [ app_init ] --START--
INFO: Run Behavior\BuildLiteBehavior [ RunTime:0.000017s ]
INFO: [ app_init ] --END-- [ RunTime:0.000101s ]
NOTIC: [8] Undefined variable: rule /home/pzr/workspace/blog/ThinkPHP/Library/Think/Dispatcher.class.php 第 67 行.

[ 2016-05-04T11:43:46+08:00 ] 10.130.27.27 /index.php/Home/Blog/gc.html
INFO: [ app_init ] --START--
INFO: Run Behavior\BuildLiteBehavior [ RunTime:0.000017s ]
INFO: [ app_init ] --END-- [ RunTime:0.000138s ]
NOTIC: [8] Undefined variable: rule /home/pzr/workspace/blog/ThinkPHP/Library/Think/Dispatcher.class.php 第 67 行.

[ 2016-05-04T11:43:50+08:00 ] 10.130.27.27 /index.php/Home/Blog/index.html
INFO: [ app_init ] --START--
INFO: Run Behavior\BuildLiteBehavior [ RunTime:0.000015s ]
INFO: [ app_init ] --END-- [ RunTime:0.000101s ]
NOTIC: [8] Undefined variable: rule /home/pzr/workspace/blog/ThinkPHP/Library/Think/Dispatcher.class.php 第 67 行.

[ 2016-05-04T11:43:51+08:00 ] 10.130.27.27 /index.php/Home/Blog/edit/id/19.html
INFO: [ app_init ] --START--
INFO: Run Behavior\BuildLiteBehavior [ RunTime:0.000026s ]
INFO: [ app_init ] --END-- [ RunTime:0.000173s ]
NOTIC: [8] Undefined variable: rule /home/pzr/workspace/blog/ThinkPHP/Library/Think/Dispatcher.class.php 第 67 行.

[ 2016-05-04T13:16:27+08:00 ] 10.130.27.27 /index.php/admin.html
INFO: [ app_init ] --START--
INFO: Run Behavior\BuildLiteBehavior [ RunTime:0.000039s ]
INFO: [ app_init ] --END-- [ RunTime:0.000277s ]
NOTIC: [8] Undefined variable: rule /home/pzr/workspace/blog/ThinkPHP/Library/Think/Dispatcher.class.php 第 67 行.

[ 2016-05-04T13:16:28+08:00 ] 10.130.27.27 /index.php/login.html
INFO: [ app_init ] --START--
INFO: Run Behavior\BuildLiteBehavior [ RunTime:0.000015s ]
INFO: [ app_init ] --END-- [ RunTime:0.000109s ]
NOTIC: [8] Undefined variable: rule /home/pzr/workspace/blog/ThinkPHP/Library/Think/Dispatcher.class.php 第 67 行.

[ 2016-05-04T13:16:28+08:00 ] 10.130.27.27 /index.php/Home/Login/verify
INFO: [ app_init ] --START--
INFO: Run Behavior\BuildLiteBehavior [ RunTime:0.000061s ]
INFO: [ app_init ] --END-- [ RunTime:0.000308s ]
NOTIC: [8] Undefined variable: rule /home/pzr/workspace/blog/ThinkPHP/Library/Think/Dispatcher.class.php 第 67 行.

[ 2016-05-04T13:16:32+08:00 ] 10.130.27.27 /index.php/Home/Login/handle
INFO: [ app_init ] --START--
INFO: Run Behavior\BuildLiteBehavior [ RunTime:0.000034s ]
INFO: [ app_init ] --END-- [ RunTime:0.000240s ]
NOTIC: [8] Undefined variable: rule /home/pzr/workspace/blog/ThinkPHP/Library/Think/Dispatcher.class.php 第 67 行.

[ 2016-05-04T13:16:32+08:00 ] 10.130.27.27 /index.php/admin.html
INFO: [ app_init ] --START--
INFO: Run Behavior\BuildLiteBehavior [ RunTime:0.000018s ]
INFO: [ app_init ] --END-- [ RunTime:0.000111s ]
NOTIC: [8] Undefined variable: rule /home/pzr/workspace/blog/ThinkPHP/Library/Think/Dispatcher.class.php 第 67 行.

[ 2016-05-04T13:18:10+08:00 ] 10.130.27.27 /index.php/Home/Blog/index.html
INFO: [ app_init ] --START--
INFO: Run Behavior\BuildLiteBehavior [ RunTime:0.000032s ]
INFO: [ app_init ] --END-- [ RunTime:0.000196s ]
NOTIC: [8] Undefined variable: rule /home/pzr/workspace/blog/ThinkPHP/Library/Think/Dispatcher.class.php 第 67 行.

[ 2016-05-04T13:18:11+08:00 ] 10.130.27.27 /index.php/Home/Blog/edit/id/19.html
INFO: [ app_init ] --START--
INFO: Run Behavior\BuildLiteBehavior [ RunTime:0.000009s ]
INFO: [ app_init ] --END-- [ RunTime:0.000061s ]
NOTIC: [8] Undefined variable: rule /home/pzr/workspace/blog/ThinkPHP/Library/Think/Dispatcher.class.php 第 67 行.

[ 2016-05-04T15:12:28+08:00 ] 10.130.27.27 /index.php/admin.html
INFO: [ app_init ] --START--
INFO: Run Behavior\BuildLiteBehavior [ RunTime:0.000026s ]
INFO: [ app_init ] --END-- [ RunTime:0.016338s ]
NOTIC: [8] Undefined variable: rule /home/pzr/workspace/blog/ThinkPHP/Library/Think/Dispatcher.class.php 第 67 行.

[ 2016-05-04T15:12:30+08:00 ] 10.130.27.27 /index.php/Home/Blog/index.html
INFO: [ app_init ] --START--
INFO: Run Behavior\BuildLiteBehavior [ RunTime:0.000024s ]
INFO: [ app_init ] --END-- [ RunTime:0.000218s ]
NOTIC: [8] Undefined variable: rule /home/pzr/workspace/blog/ThinkPHP/Library/Think/Dispatcher.class.php 第 67 行.

[ 2016-05-04T15:12:32+08:00 ] 10.130.27.27 /index.php/Home/Blog/edit/id/8.html
INFO: [ app_init ] --START--
INFO: Run Behavior\BuildLiteBehavior [ RunTime:0.000015s ]
INFO: [ app_init ] --END-- [ RunTime:0.000106s ]
NOTIC: [8] Undefined variable: rule /home/pzr/workspace/blog/ThinkPHP/Library/Think/Dispatcher.class.php 第 67 行.

[ 2016-05-04T15:12:35+08:00 ] 10.130.27.27 /index.php/Home/Blog/index.html
INFO: [ app_init ] --START--
INFO: Run Behavior\BuildLiteBehavior [ RunTime:0.000010s ]
INFO: [ app_init ] --END-- [ RunTime:0.000068s ]
NOTIC: [8] Undefined variable: rule /home/pzr/workspace/blog/ThinkPHP/Library/Think/Dispatcher.class.php 第 67 行.

[ 2016-05-04T15:12:38+08:00 ] 10.130.27.27 /index.php/Home/Blog/edit/id/18.html
INFO: [ app_init ] --START--
INFO: Run Behavior\BuildLiteBehavior [ RunTime:0.000020s ]
INFO: [ app_init ] --END-- [ RunTime:0.000149s ]
NOTIC: [8] Undefined variable: rule /home/pzr/workspace/blog/ThinkPHP/Library/Think/Dispatcher.class.php 第 67 行.

[ 2016-05-04T15:15:02+08:00 ] 10.130.27.27 /index.php/Home/Blog/index.html
INFO: [ app_init ] --START--
INFO: Run Behavior\BuildLiteBehavior [ RunTime:0.000035s ]
INFO: [ app_init ] --END-- [ RunTime:0.000161s ]
NOTIC: [8] Undefined variable: rule /home/pzr/workspace/blog/ThinkPHP/Library/Think/Dispatcher.class.php 第 67 行.

[ 2016-05-04T15:15:04+08:00 ] 10.130.27.27 /index.php/Home/Blog/edit/id/18.html
INFO: [ app_init ] --START--
INFO: Run Behavior\BuildLiteBehavior [ RunTime:0.000016s ]
INFO: [ app_init ] --END-- [ RunTime:0.000101s ]
NOTIC: [8] Undefined variable: rule /home/pzr/workspace/blog/ThinkPHP/Library/Think/Dispatcher.class.php 第 67 行.

[ 2016-05-04T15:17:25+08:00 ] 10.130.27.27 /index.php/Home/Blog/index.html
INFO: [ app_init ] --START--
INFO: Run Behavior\BuildLiteBehavior [ RunTime:0.000015s ]
INFO: [ app_init ] --END-- [ RunTime:0.000109s ]
NOTIC: [8] Undefined variable: rule /home/pzr/workspace/blog/ThinkPHP/Library/Think/Dispatcher.class.php 第 67 行.

[ 2016-05-04T15:17:26+08:00 ] 10.130.27.27 /index.php/Home/Blog/edit/id/18.html
INFO: [ app_init ] --START--
INFO: Run Behavior\BuildLiteBehavior [ RunTime:0.000028s ]
INFO: [ app_init ] --END-- [ RunTime:0.000269s ]
NOTIC: [8] Undefined variable: rule /home/pzr/workspace/blog/ThinkPHP/Library/Think/Dispatcher.class.php 第 67 行.

[ 2016-05-04T15:18:26+08:00 ] 10.130.27.27 /index.php/admin.html
INFO: [ app_init ] --START--
INFO: Run Behavior\BuildLiteBehavior [ RunTime:0.000029s ]
INFO: [ app_init ] --END-- [ RunTime:0.000201s ]
NOTIC: [8] Undefined variable: rule /home/pzr/workspace/blog/ThinkPHP/Library/Think/Dispatcher.class.php 第 67 行.

[ 2016-05-04T15:18:28+08:00 ] 10.130.27.27 /index.php/Home/Blog/index.html
INFO: [ app_init ] --START--
INFO: Run Behavior\BuildLiteBehavior [ RunTime:0.000020s ]
INFO: [ app_init ] --END-- [ RunTime:0.000134s ]
NOTIC: [8] Undefined variable: rule /home/pzr/workspace/blog/ThinkPHP/Library/Think/Dispatcher.class.php 第 67 行.

[ 2016-05-04T15:18:29+08:00 ] 10.130.27.27 /index.php/Home/Blog/edit/id/18.html
INFO: [ app_init ] --START--
INFO: Run Behavior\BuildLiteBehavior [ RunTime:0.000010s ]
INFO: [ app_init ] --END-- [ RunTime:0.000075s ]
NOTIC: [8] Undefined variable: rule /home/pzr/workspace/blog/ThinkPHP/Library/Think/Dispatcher.class.php 第 67 行.

[ 2016-05-04T15:19:18+08:00 ] 10.130.27.27 /index.php/admin.html
INFO: [ app_init ] --START--
INFO: Run Behavior\BuildLiteBehavior [ RunTime:0.000027s ]
INFO: [ app_init ] --END-- [ RunTime:0.000187s ]
NOTIC: [8] Undefined variable: rule /home/pzr/workspace/blog/ThinkPHP/Library/Think/Dispatcher.class.php 第 67 行.

[ 2016-05-04T15:19:19+08:00 ] 10.130.27.27 /index.php/Home/Blog/index.html
INFO: [ app_init ] --START--
INFO: Run Behavior\BuildLiteBehavior [ RunTime:0.000019s ]
INFO: [ app_init ] --END-- [ RunTime:0.000124s ]
NOTIC: [8] Undefined variable: rule /home/pzr/workspace/blog/ThinkPHP/Library/Think/Dispatcher.class.php 第 67 行.

[ 2016-05-04T15:19:20+08:00 ] 10.130.27.27 /index.php/Home/Blog/edit/id/18.html
INFO: [ app_init ] --START--
INFO: Run Behavior\BuildLiteBehavior [ RunTime:0.000044s ]
INFO: [ app_init ] --END-- [ RunTime:0.000302s ]
NOTIC: [8] Undefined variable: rule /home/pzr/workspace/blog/ThinkPHP/Library/Think/Dispatcher.class.php 第 67 行.

[ 2016-05-04T15:19:28+08:00 ] 10.130.27.27 /index.php/Home/Blog/index.html
INFO: [ app_init ] --START--
INFO: Run Behavior\BuildLiteBehavior [ RunTime:0.000011s ]
INFO: [ app_init ] --END-- [ RunTime:0.000071s ]
NOTIC: [8] Undefined variable: rule /home/pzr/workspace/blog/ThinkPHP/Library/Think/Dispatcher.class.php 第 67 行.

[ 2016-05-04T15:19:31+08:00 ] 10.130.27.27 /index.php/Home/Blog/edit/id/18.html
INFO: [ app_init ] --START--
INFO: Run Behavior\BuildLiteBehavior [ RunTime:0.000031s ]
INFO: [ app_init ] --END-- [ RunTime:0.000222s ]
NOTIC: [8] Undefined variable: rule /home/pzr/workspace/blog/ThinkPHP/Library/Think/Dispatcher.class.php 第 67 行.

[ 2016-05-04T15:19:55+08:00 ] 10.130.27.27 /index.php/Home/Blog/index.html
INFO: [ app_init ] --START--
INFO: Run Behavior\BuildLiteBehavior [ RunTime:0.000011s ]
INFO: [ app_init ] --END-- [ RunTime:0.000091s ]
NOTIC: [8] Undefined variable: rule /home/pzr/workspace/blog/ThinkPHP/Library/Think/Dispatcher.class.php 第 67 行.

[ 2016-05-04T15:19:57+08:00 ] 10.130.27.27 /index.php/Home/Blog/edit/id/18.html
INFO: [ app_init ] --START--
INFO: Run Behavior\BuildLiteBehavior [ RunTime:0.000031s ]
INFO: [ app_init ] --END-- [ RunTime:0.000226s ]
NOTIC: [8] Undefined variable: rule /home/pzr/workspace/blog/ThinkPHP/Library/Think/Dispatcher.class.php 第 67 行.

[ 2016-05-04T15:22:02+08:00 ] 10.130.27.27 /index.php/admin.html
INFO: [ app_init ] --START--
INFO: Run Behavior\BuildLiteBehavior [ RunTime:0.000038s ]
INFO: [ app_init ] --END-- [ RunTime:0.000276s ]
NOTIC: [8] Undefined variable: rule /home/pzr/workspace/blog/ThinkPHP/Library/Think/Dispatcher.class.php 第 67 行.

[ 2016-05-04T15:22:03+08:00 ] 10.130.27.27 /index.php/Home/Blog/index.html
INFO: [ app_init ] --START--
INFO: Run Behavior\BuildLiteBehavior [ RunTime:0.000023s ]
INFO: [ app_init ] --END-- [ RunTime:0.000155s ]
NOTIC: [8] Undefined variable: rule /home/pzr/workspace/blog/ThinkPHP/Library/Think/Dispatcher.class.php 第 67 行.

[ 2016-05-04T15:22:06+08:00 ] 10.130.27.27 /index.php/Home/Blog/index.html
INFO: [ app_init ] --START--
INFO: Run Behavior\BuildLiteBehavior [ RunTime:0.000042s ]
INFO: [ app_init ] --END-- [ RunTime:0.000300s ]
NOTIC: [8] Undefined variable: rule /home/pzr/workspace/blog/ThinkPHP/Library/Think/Dispatcher.class.php 第 67 行.

[ 2016-05-04T15:22:07+08:00 ] 10.130.27.27 /index.php/Home/Blog/edit/id/19.html
INFO: [ app_init ] --START--
INFO: Run Behavior\BuildLiteBehavior [ RunTime:0.000047s ]
INFO: [ app_init ] --END-- [ RunTime:0.000304s ]
NOTIC: [8] Undefined variable: rule /home/pzr/workspace/blog/ThinkPHP/Library/Think/Dispatcher.class.php 第 67 行.

[ 2016-05-04T15:22:43+08:00 ] 10.130.27.27 /index.php/Home/Blog/index.html
INFO: [ app_init ] --START--
INFO: Run Behavior\BuildLiteBehavior [ RunTime:0.000020s ]
INFO: [ app_init ] --END-- [ RunTime:0.000139s ]
NOTIC: [8] Undefined variable: rule /home/pzr/workspace/blog/ThinkPHP/Library/Think/Dispatcher.class.php 第 67 行.

[ 2016-05-04T15:22:44+08:00 ] 10.130.27.27 /index.php/Home/Blog/add.html
INFO: [ app_init ] --START--
INFO: Run Behavior\BuildLiteBehavior [ RunTime:0.000014s ]
INFO: [ app_init ] --END-- [ RunTime:0.000098s ]
NOTIC: [8] Undefined variable: rule /home/pzr/workspace/blog/ThinkPHP/Library/Think/Dispatcher.class.php 第 67 行.

[ 2016-05-04T15:23:13+08:00 ] 10.130.27.27 /index.php/Home/Blog/add.html
INFO: [ app_init ] --START--
INFO: Run Behavior\BuildLiteBehavior [ RunTime:0.000012s ]
INFO: [ app_init ] --END-- [ RunTime:0.000087s ]
NOTIC: [8] Undefined variable: rule /home/pzr/workspace/blog/ThinkPHP/Library/Think/Dispatcher.class.php 第 67 行.

[ 2016-05-04T15:23:56+08:00 ] 10.130.27.27 /index.php/Home/Blog/index.html
INFO: [ app_init ] --START--
INFO: Run Behavior\BuildLiteBehavior [ RunTime:0.000018s ]
INFO: [ app_init ] --END-- [ RunTime:0.000120s ]
NOTIC: [8] Undefined variable: rule /home/pzr/workspace/blog/ThinkPHP/Library/Think/Dispatcher.class.php 第 67 行.

[ 2016-05-04T15:24:00+08:00 ] 10.130.27.27 /index.php/Home/Blog/edit/id/19.html
INFO: [ app_init ] --START--
INFO: Run Behavior\BuildLiteBehavior [ RunTime:0.000009s ]
INFO: [ app_init ] --END-- [ RunTime:0.000064s ]
NOTIC: [8] Undefined variable: rule /home/pzr/workspace/blog/ThinkPHP/Library/Think/Dispatcher.class.php 第 67 行.

[ 2016-05-04T15:24:02+08:00 ] 10.130.27.27 /index.php/Home/Blog/index.html
INFO: [ app_init ] --START--
INFO: Run Behavior\BuildLiteBehavior [ RunTime:0.000014s ]
INFO: [ app_init ] --END-- [ RunTime:0.000094s ]
NOTIC: [8] Undefined variable: rule /home/pzr/workspace/blog/ThinkPHP/Library/Think/Dispatcher.class.php 第 67 行.

[ 2016-05-04T15:24:04+08:00 ] 10.130.27.27 /index.php/Home/Blog/edit/id/8.html
INFO: [ app_init ] --START--
INFO: Run Behavior\BuildLiteBehavior [ RunTime:0.000009s ]
INFO: [ app_init ] --END-- [ RunTime:0.000062s ]
NOTIC: [8] Undefined variable: rule /home/pzr/workspace/blog/ThinkPHP/Library/Think/Dispatcher.class.php 第 67 行.

[ 2016-05-04T15:25:34+08:00 ] 10.130.27.27 /index.php/Home/Blog/index.html
INFO: [ app_init ] --START--
INFO: Run Behavior\BuildLiteBehavior [ RunTime:0.000016s ]
INFO: [ app_init ] --END-- [ RunTime:0.000117s ]
NOTIC: [8] Undefined variable: rule /home/pzr/workspace/blog/ThinkPHP/Library/Think/Dispatcher.class.php 第 67 行.

[ 2016-05-04T15:25:36+08:00 ] 10.130.27.27 /index.php/Home/Blog/add.html
INFO: [ app_init ] --START--
INFO: Run Behavior\BuildLiteBehavior [ RunTime:0.000023s ]
INFO: [ app_init ] --END-- [ RunTime:0.000157s ]
NOTIC: [8] Undefined variable: rule /home/pzr/workspace/blog/ThinkPHP/Library/Think/Dispatcher.class.php 第 67 行.

[ 2016-05-04T15:25:40+08:00 ] 10.130.27.27 /index.php/Home/Blog/edit/id/8.html
INFO: [ app_init ] --START--
INFO: Run Behavior\BuildLiteBehavior [ RunTime:0.000019s ]
INFO: [ app_init ] --END-- [ RunTime:0.000179s ]
NOTIC: [8] Undefined variable: rule /home/pzr/workspace/blog/ThinkPHP/Library/Think/Dispatcher.class.php 第 67 行.

[ 2016-05-04T15:25:46+08:00 ] 10.130.27.27 /index.php/Home/Blog/index.html
INFO: [ app_init ] --START--
INFO: Run Behavior\BuildLiteBehavior [ RunTime:0.000014s ]
INFO: [ app_init ] --END-- [ RunTime:0.000097s ]
NOTIC: [8] Undefined variable: rule /home/pzr/workspace/blog/ThinkPHP/Library/Think/Dispatcher.class.php 第 67 行.

[ 2016-05-04T15:27:31+08:00 ] 10.130.27.27 /index.php/Home/Blog/index.html
INFO: [ app_init ] --START--
INFO: Run Behavior\BuildLiteBehavior [ RunTime:0.000013s ]
INFO: [ app_init ] --END-- [ RunTime:0.000184s ]
NOTIC: [8] Undefined variable: rule /home/pzr/workspace/blog/ThinkPHP/Library/Think/Dispatcher.class.php 第 67 行.

[ 2016-05-04T15:27:34+08:00 ] 10.130.27.27 /index.php/Home/Blog/edit/id/8.html
INFO: [ app_init ] --START--
INFO: Run Behavior\BuildLiteBehavior [ RunTime:0.000028s ]
INFO: [ app_init ] --END-- [ RunTime:0.000207s ]
NOTIC: [8] Undefined variable: rule /home/pzr/workspace/blog/ThinkPHP/Library/Think/Dispatcher.class.php 第 67 行.

[ 2016-05-04T15:27:40+08:00 ] 10.130.27.27 /index.php/Home/Blog/index.html
INFO: [ app_init ] --START--
INFO: Run Behavior\BuildLiteBehavior [ RunTime:0.000042s ]
INFO: [ app_init ] --END-- [ RunTime:0.000313s ]
NOTIC: [8] Undefined variable: rule /home/pzr/workspace/blog/ThinkPHP/Library/Think/Dispatcher.class.php 第 67 行.

[ 2016-05-04T15:27:41+08:00 ] 10.130.27.27 /index.php/Home/Blog/add.html
INFO: [ app_init ] --START--
INFO: Run Behavior\BuildLiteBehavior [ RunTime:0.000016s ]
INFO: [ app_init ] --END-- [ RunTime:0.000105s ]
NOTIC: [8] Undefined variable: rule /home/pzr/workspace/blog/ThinkPHP/Library/Think/Dispatcher.class.php 第 67 行.

[ 2016-05-04T15:27:49+08:00 ] 10.130.27.27 /index.php/Home/Blog/edit/id/19.html
INFO: [ app_init ] --START--
INFO: Run Behavior\BuildLiteBehavior [ RunTime:0.000030s ]
INFO: [ app_init ] --END-- [ RunTime:0.000215s ]
NOTIC: [8] Undefined variable: rule /home/pzr/workspace/blog/ThinkPHP/Library/Think/Dispatcher.class.php 第 67 行.

[ 2016-05-04T15:31:05+08:00 ] 10.130.27.27 /index.php/Home/Cat/index.html
INFO: [ app_init ] --START--
INFO: Run Behavior\BuildLiteBehavior [ RunTime:0.000011s ]
INFO: [ app_init ] --END-- [ RunTime:0.000079s ]
NOTIC: [8] Undefined variable: rule /home/pzr/workspace/blog/ThinkPHP/Library/Think/Dispatcher.class.php 第 67 行.

[ 2016-05-04T15:31:07+08:00 ] 10.130.27.27 /index.php/Home/Cat/add/pid/3/level/2.html
INFO: [ app_init ] --START--
INFO: Run Behavior\BuildLiteBehavior [ RunTime:0.000010s ]
INFO: [ app_init ] --END-- [ RunTime:0.000065s ]
NOTIC: [8] Undefined variable: rule /home/pzr/workspace/blog/ThinkPHP/Library/Think/Dispatcher.class.php 第 67 行.

[ 2016-05-04T15:31:09+08:00 ] 10.130.27.27 /index.php/Home/Cat/index.html
INFO: [ app_init ] --START--
INFO: Run Behavior\BuildLiteBehavior [ RunTime:0.000014s ]
INFO: [ app_init ] --END-- [ RunTime:0.000098s ]
NOTIC: [8] Undefined variable: rule /home/pzr/workspace/blog/ThinkPHP/Library/Think/Dispatcher.class.php 第 67 行.

[ 2016-05-04T15:31:20+08:00 ] 10.130.27.27 /index.php/Home/Cat/add/pid/1/level/2.html
INFO: [ app_init ] --START--
INFO: Run Behavior\BuildLiteBehavior [ RunTime:0.000016s ]
INFO: [ app_init ] --END-- [ RunTime:0.000102s ]
NOTIC: [8] Undefined variable: rule /home/pzr/workspace/blog/ThinkPHP/Library/Think/Dispatcher.class.php 第 67 行.

[ 2016-05-04T15:31:32+08:00 ] 10.130.27.27 /index.php/Home/Cat/add.html
INFO: [ app_init ] --START--
INFO: Run Behavior\BuildLiteBehavior [ RunTime:0.000019s ]
INFO: [ app_init ] --END-- [ RunTime:0.000126s ]
NOTIC: [8] Undefined variable: rule /home/pzr/workspace/blog/ThinkPHP/Library/Think/Dispatcher.class.php 第 67 行.

[ 2016-05-04T15:31:33+08:00 ] 10.130.27.27 /index.php/Home/Cat/index.html
INFO: [ app_init ] --START--
INFO: Run Behavior\BuildLiteBehavior [ RunTime:0.000014s ]
INFO: [ app_init ] --END-- [ RunTime:0.000093s ]
NOTIC: [8] Undefined variable: rule /home/pzr/workspace/blog/ThinkPHP/Library/Think/Dispatcher.class.php 第 67 行.

[ 2016-05-04T15:31:44+08:00 ] 10.130.27.27 /index.php/Home/Cat/add/pid/1/level/2.html
INFO: [ app_init ] --START--
INFO: Run Behavior\BuildLiteBehavior [ RunTime:0.000017s ]
INFO: [ app_init ] --END-- [ RunTime:0.000138s ]
NOTIC: [8] Undefined variable: rule /home/pzr/workspace/blog/ThinkPHP/Library/Think/Dispatcher.class.php 第 67 行.

[ 2016-05-04T15:31:50+08:00 ] 10.130.27.27 /index.php/Home/Cat/add.html
INFO: [ app_init ] --START--
INFO: Run Behavior\BuildLiteBehavior [ RunTime:0.000012s ]
INFO: [ app_init ] --END-- [ RunTime:0.000084s ]
NOTIC: [8] Undefined variable: rule /home/pzr/workspace/blog/ThinkPHP/Library/Think/Dispatcher.class.php 第 67 行.

[ 2016-05-04T15:31:50+08:00 ] 10.130.27.27 /index.php/Home/Cat/index.html
INFO: [ app_init ] --START--
INFO: Run Behavior\BuildLiteBehavior [ RunTime:0.000011s ]
INFO: [ app_init ] --END-- [ RunTime:0.000076s ]
NOTIC: [8] Undefined variable: rule /home/pzr/workspace/blog/ThinkPHP/Library/Think/Dispatcher.class.php 第 67 行.

[ 2016-05-04T15:31:59+08:00 ] 10.130.27.27 /index.php/Home/Cat/add.html
INFO: [ app_init ] --START--
INFO: Run Behavior\BuildLiteBehavior [ RunTime:0.000010s ]
INFO: [ app_init ] --END-- [ RunTime:0.000070s ]
NOTIC: [8] Undefined variable: rule /home/pzr/workspace/blog/ThinkPHP/Library/Think/Dispatcher.class.php 第 67 行.

[ 2016-05-04T15:32:20+08:00 ] 10.130.27.27 /index.php/Home/Cat/add.html
INFO: [ app_init ] --START--
INFO: Run Behavior\BuildLiteBehavior [ RunTime:0.000020s ]
INFO: [ app_init ] --END-- [ RunTime:0.000132s ]
NOTIC: [8] Undefined variable: rule /home/pzr/workspace/blog/ThinkPHP/Library/Think/Dispatcher.class.php 第 67 行.

[ 2016-05-04T15:32:20+08:00 ] 10.130.27.27 /index.php/Home/Cat/index.html
INFO: [ app_init ] --START--
INFO: Run Behavior\BuildLiteBehavior [ RunTime:0.000018s ]
INFO: [ app_init ] --END-- [ RunTime:0.000126s ]
NOTIC: [8] Undefined variable: rule /home/pzr/workspace/blog/ThinkPHP/Library/Think/Dispatcher.class.php 第 67 行.

[ 2016-05-04T15:32:26+08:00 ] 10.130.27.27 /index.php/Home/Cat/edit/id/30.html
INFO: [ app_init ] --START--
INFO: Run Behavior\BuildLiteBehavior [ RunTime:0.000023s ]
INFO: [ app_init ] --END-- [ RunTime:0.000164s ]
NOTIC: [8] Undefined variable: rule /home/pzr/workspace/blog/ThinkPHP/Library/Think/Dispatcher.class.php 第 67 行.

[ 2016-05-04T15:32:30+08:00 ] 10.130.27.27 /index.php/Home/Cat/edit.html
INFO: [ app_init ] --START--
INFO: Run Behavior\BuildLiteBehavior [ RunTime:0.000044s ]
INFO: [ app_init ] --END-- [ RunTime:0.000388s ]
NOTIC: [8] Undefined variable: rule /home/pzr/workspace/blog/ThinkPHP/Library/Think/Dispatcher.class.php 第 67 行.

[ 2016-05-04T15:32:30+08:00 ] 10.130.27.27 /index.php/Home/Cat/index.html
INFO: [ app_init ] --START--
INFO: Run Behavior\BuildLiteBehavior [ RunTime:0.000020s ]
INFO: [ app_init ] --END-- [ RunTime:0.000135s ]
NOTIC: [8] Undefined variable: rule /home/pzr/workspace/blog/ThinkPHP/Library/Think/Dispatcher.class.php 第 67 行.

[ 2016-05-04T15:32:34+08:00 ] 10.130.27.27 /index.php/Home/Cat/add/pid/30/level/1.html
INFO: [ app_init ] --START--
INFO: Run Behavior\BuildLiteBehavior [ RunTime:0.000023s ]
INFO: [ app_init ] --END-- [ RunTime:0.000139s ]
NOTIC: [8] Undefined variable: rule /home/pzr/workspace/blog/ThinkPHP/Library/Think/Dispatcher.class.php 第 67 行.

[ 2016-05-04T15:32:58+08:00 ] 10.130.27.27 /index.php/Home/Cat/add.html
INFO: [ app_init ] --START--
INFO: Run Behavior\BuildLiteBehavior [ RunTime:0.000044s ]
INFO: [ app_init ] --END-- [ RunTime:0.000250s ]
NOTIC: [8] Undefined variable: rule /home/pzr/workspace/blog/ThinkPHP/Library/Think/Dispatcher.class.php 第 67 行.

[ 2016-05-04T15:32:58+08:00 ] 10.130.27.27 /index.php/Home/Cat/index.html
INFO: [ app_init ] --START--
INFO: Run Behavior\BuildLiteBehavior [ RunTime:0.000026s ]
INFO: [ app_init ] --END-- [ RunTime:0.000182s ]
NOTIC: [8] Undefined variable: rule /home/pzr/workspace/blog/ThinkPHP/Library/Think/Dispatcher.class.php 第 67 行.

[ 2016-05-04T15:33:00+08:00 ] 10.130.27.27 /index.php/Home/Cat/add/pid/30/level/1.html
INFO: [ app_init ] --START--
INFO: Run Behavior\BuildLiteBehavior [ RunTime:0.000010s ]
INFO: [ app_init ] --END-- [ RunTime:0.000060s ]
NOTIC: [8] Undefined variable: rule /home/pzr/workspace/blog/ThinkPHP/Library/Think/Dispatcher.class.php 第 67 行.

[ 2016-05-04T15:33:04+08:00 ] 10.130.27.27 /index.php/Home/Cat/add.html
INFO: [ app_init ] --START--
INFO: Run Behavior\BuildLiteBehavior [ RunTime:0.000021s ]
INFO: [ app_init ] --END-- [ RunTime:0.000149s ]
NOTIC: [8] Undefined variable: rule /home/pzr/workspace/blog/ThinkPHP/Library/Think/Dispatcher.class.php 第 67 行.

[ 2016-05-04T15:33:04+08:00 ] 10.130.27.27 /index.php/Home/Cat/index.html
INFO: [ app_init ] --START--
INFO: Run Behavior\BuildLiteBehavior [ RunTime:0.000019s ]
INFO: [ app_init ] --END-- [ RunTime:0.000126s ]
NOTIC: [8] Undefined variable: rule /home/pzr/workspace/blog/ThinkPHP/Library/Think/Dispatcher.class.php 第 67 行.

[ 2016-05-04T15:33:09+08:00 ] 10.130.27.27 /index.php/Home/Cat/add/pid/30/level/1.html
INFO: [ app_init ] --START--
INFO: Run Behavior\BuildLiteBehavior [ RunTime:0.000022s ]
INFO: [ app_init ] --END-- [ RunTime:0.000147s ]
NOTIC: [8] Undefined variable: rule /home/pzr/workspace/blog/ThinkPHP/Library/Think/Dispatcher.class.php 第 67 行.

[ 2016-05-04T15:33:15+08:00 ] 10.130.27.27 /index.php/Home/Cat/add.html
INFO: [ app_init ] --START--
INFO: Run Behavior\BuildLiteBehavior [ RunTime:0.000029s ]
INFO: [ app_init ] --END-- [ RunTime:0.000200s ]
NOTIC: [8] Undefined variable: rule /home/pzr/workspace/blog/ThinkPHP/Library/Think/Dispatcher.class.php 第 67 行.

[ 2016-05-04T15:33:15+08:00 ] 10.130.27.27 /index.php/Home/Cat/index.html
INFO: [ app_init ] --START--
INFO: Run Behavior\BuildLiteBehavior [ RunTime:0.000026s ]
INFO: [ app_init ] --END-- [ RunTime:0.000174s ]
NOTIC: [8] Undefined variable: rule /home/pzr/workspace/blog/ThinkPHP/Library/Think/Dispatcher.class.php 第 67 行.

[ 2016-05-04T15:37:46+08:00 ] 10.130.27.27 /index.php/Home/Blog/index.html
INFO: [ app_init ] --START--
INFO: Run Behavior\BuildLiteBehavior [ RunTime:0.000037s ]
INFO: [ app_init ] --END-- [ RunTime:0.000340s ]
NOTIC: [8] Undefined variable: rule /home/pzr/workspace/blog/ThinkPHP/Library/Think/Dispatcher.class.php 第 67 行.

[ 2016-05-04T15:37:47+08:00 ] 10.130.27.27 /index.php/Home/Cat/index.html
INFO: [ app_init ] --START--
INFO: Run Behavior\BuildLiteBehavior [ RunTime:0.000029s ]
INFO: [ app_init ] --END-- [ RunTime:0.000192s ]
NOTIC: [8] Undefined variable: rule /home/pzr/workspace/blog/ThinkPHP/Library/Think/Dispatcher.class.php 第 67 行.

[ 2016-05-04T15:38:06+08:00 ] 10.130.27.27 /index.php/Home/Cat/index.html
INFO: [ app_init ] --START--
INFO: Run Behavior\BuildLiteBehavior [ RunTime:0.000017s ]
INFO: [ app_init ] --END-- [ RunTime:0.000123s ]
NOTIC: [8] Undefined variable: rule /home/pzr/workspace/blog/ThinkPHP/Library/Think/Dispatcher.class.php 第 67 行.

[ 2016-05-04T15:38:17+08:00 ] 10.130.27.27 /index.php/Home/Cat/index.html
INFO: [ app_init ] --START--
INFO: Run Behavior\BuildLiteBehavior [ RunTime:0.000033s ]
INFO: [ app_init ] --END-- [ RunTime:0.000235s ]
NOTIC: [8] Undefined variable: rule /home/pzr/workspace/blog/ThinkPHP/Library/Think/Dispatcher.class.php 第 67 行.

[ 2016-05-04T15:38:27+08:00 ] 10.130.27.27 /index.php/admin.html
INFO: [ app_init ] --START--
INFO: Run Behavior\BuildLiteBehavior [ RunTime:0.000029s ]
INFO: [ app_init ] --END-- [ RunTime:0.000207s ]
NOTIC: [8] Undefined variable: rule /home/pzr/workspace/blog/ThinkPHP/Library/Think/Dispatcher.class.php 第 67 行.

[ 2016-05-04T15:38:28+08:00 ] 10.130.27.27 /index.php/Home/Cat/index.html
INFO: [ app_init ] --START--
INFO: Run Behavior\BuildLiteBehavior [ RunTime:0.000041s ]
INFO: [ app_init ] --END-- [ RunTime:0.000207s ]
NOTIC: [8] Undefined variable: rule /home/pzr/workspace/blog/ThinkPHP/Library/Think/Dispatcher.class.php 第 67 行.

[ 2016-05-04T15:38:53+08:00 ] 10.130.27.27 /index.php/Home/Cat/index.html
INFO: [ app_init ] --START--
INFO: Run Behavior\BuildLiteBehavior [ RunTime:0.000014s ]
INFO: [ app_init ] --END-- [ RunTime:0.000089s ]
NOTIC: [8] Undefined variable: rule /home/pzr/workspace/blog/ThinkPHP/Library/Think/Dispatcher.class.php 第 67 行.

[ 2016-05-04T15:39:15+08:00 ] 10.130.27.27 /index.php/Home/Cat/index.html
INFO: [ app_init ] --START--
INFO: Run Behavior\BuildLiteBehavior [ RunTime:0.000036s ]
INFO: [ app_init ] --END-- [ RunTime:0.000261s ]
NOTIC: [8] Undefined variable: rule /home/pzr/workspace/blog/ThinkPHP/Library/Think/Dispatcher.class.php 第 67 行.

[ 2016-05-04T15:42:58+08:00 ] 10.130.27.27 /index.php/Home/Cat/index.html
INFO: [ app_init ] --START--
INFO: Run Behavior\BuildLiteBehavior [ RunTime:0.000017s ]
INFO: [ app_init ] --END-- [ RunTime:0.000108s ]
NOTIC: [8] Undefined variable: rule /home/pzr/workspace/blog/ThinkPHP/Library/Think/Dispatcher.class.php 第 67 行.

[ 2016-05-04T15:43:24+08:00 ] 10.130.27.27 /index.php/Home/Cat/index.html
INFO: [ app_init ] --START--
INFO: Run Behavior\BuildLiteBehavior [ RunTime:0.000013s ]
INFO: [ app_init ] --END-- [ RunTime:0.000087s ]
NOTIC: [8] Undefined variable: rule /home/pzr/workspace/blog/ThinkPHP/Library/Think/Dispatcher.class.php 第 67 行.

[ 2016-05-04T15:43:43+08:00 ] 10.130.27.27 /index.php/Home/Cat/index.html
INFO: [ app_init ] --START--
INFO: Run Behavior\BuildLiteBehavior [ RunTime:0.000017s ]
INFO: [ app_init ] --END-- [ RunTime:0.000120s ]
NOTIC: [8] Undefined variable: rule /home/pzr/workspace/blog/ThinkPHP/Library/Think/Dispatcher.class.php 第 67 行.

[ 2016-05-04T15:44:29+08:00 ] 10.130.27.27 /index.php/Home/User/index.html
INFO: [ app_init ] --START--
INFO: Run Behavior\BuildLiteBehavior [ RunTime:0.000013s ]
INFO: [ app_init ] --END-- [ RunTime:0.000090s ]
NOTIC: [8] Undefined variable: rule /home/pzr/workspace/blog/ThinkPHP/Library/Think/Dispatcher.class.php 第 67 行.

[ 2016-05-04T15:44:31+08:00 ] 10.130.27.27 /index.php/Home/Cat/index.html
INFO: [ app_init ] --START--
INFO: Run Behavior\BuildLiteBehavior [ RunTime:0.000015s ]
INFO: [ app_init ] --END-- [ RunTime:0.000094s ]
NOTIC: [8] Undefined variable: rule /home/pzr/workspace/blog/ThinkPHP/Library/Think/Dispatcher.class.php 第 67 行.

[ 2016-05-04T15:44:42+08:00 ] 10.130.27.27 /index.php/Home/Cat/index.html
INFO: [ app_init ] --START--
INFO: Run Behavior\BuildLiteBehavior [ RunTime:0.000048s ]
INFO: [ app_init ] --END-- [ RunTime:0.000321s ]
NOTIC: [8] Undefined variable: rule /home/pzr/workspace/blog/ThinkPHP/Library/Think/Dispatcher.class.php 第 67 行.

[ 2016-05-04T15:44:51+08:00 ] 10.130.27.27 /index.php/Home/Cat/index.html
INFO: [ app_init ] --START--
INFO: Run Behavior\BuildLiteBehavior [ RunTime:0.000032s ]
INFO: [ app_init ] --END-- [ RunTime:0.000235s ]
NOTIC: [8] Undefined variable: rule /home/pzr/workspace/blog/ThinkPHP/Library/Think/Dispatcher.class.php 第 67 行.

[ 2016-05-04T15:44:53+08:00 ] 10.130.27.27 /index.php/Home/Cat/index.html
INFO: [ app_init ] --START--
INFO: Run Behavior\BuildLiteBehavior [ RunTime:0.000014s ]
INFO: [ app_init ] --END-- [ RunTime:0.000102s ]
NOTIC: [8] Undefined variable: rule /home/pzr/workspace/blog/ThinkPHP/Library/Think/Dispatcher.class.php 第 67 行.

[ 2016-05-04T15:44:54+08:00 ] 10.130.27.27 /index.php/admin.html
INFO: [ app_init ] --START--
INFO: Run Behavior\BuildLiteBehavior [ RunTime:0.000018s ]
INFO: [ app_init ] --END-- [ RunTime:0.000134s ]
NOTIC: [8] Undefined variable: rule /home/pzr/workspace/blog/ThinkPHP/Library/Think/Dispatcher.class.php 第 67 行.

[ 2016-05-04T15:44:57+08:00 ] 10.130.27.27 /index.php/Home/Cat/index.html
INFO: [ app_init ] --START--
INFO: Run Behavior\BuildLiteBehavior [ RunTime:0.000029s ]
INFO: [ app_init ] --END-- [ RunTime:0.000195s ]
NOTIC: [8] Undefined variable: rule /home/pzr/workspace/blog/ThinkPHP/Library/Think/Dispatcher.class.php 第 67 行.

[ 2016-05-04T15:45:01+08:00 ] 10.130.27.27 /index.php/admin.html
INFO: [ app_init ] --START--
INFO: Run Behavior\BuildLiteBehavior [ RunTime:0.000019s ]
INFO: [ app_init ] --END-- [ RunTime:0.000130s ]
NOTIC: [8] Undefined variable: rule /home/pzr/workspace/blog/ThinkPHP/Library/Think/Dispatcher.class.php 第 67 行.

[ 2016-05-04T15:45:02+08:00 ] 10.130.27.27 /index.php/Home/Cat/index.html
INFO: [ app_init ] --START--
INFO: Run Behavior\BuildLiteBehavior [ RunTime:0.000030s ]
INFO: [ app_init ] --END-- [ RunTime:0.000196s ]
NOTIC: [8] Undefined variable: rule /home/pzr/workspace/blog/ThinkPHP/Library/Think/Dispatcher.class.php 第 67 行.

[ 2016-05-04T15:45:03+08:00 ] 10.130.27.27 /index.php/Home/Cat/index.html
INFO: [ app_init ] --START--
INFO: Run Behavior\BuildLiteBehavior [ RunTime:0.000024s ]
INFO: [ app_init ] --END-- [ RunTime:0.000159s ]
NOTIC: [8] Undefined variable: rule /home/pzr/workspace/blog/ThinkPHP/Library/Think/Dispatcher.class.php 第 67 行.

[ 2016-05-04T16:10:32+08:00 ] 10.130.27.27 /index.php/Home/Blog/index.html
INFO: [ app_init ] --START--
INFO: Run Behavior\BuildLiteBehavior [ RunTime:0.000020s ]
INFO: [ app_init ] --END-- [ RunTime:0.000162s ]
NOTIC: [8] Undefined variable: rule /home/pzr/workspace/blog/ThinkPHP/Library/Think/Dispatcher.class.php 第 67 行.

[ 2016-05-04T16:10:34+08:00 ] 10.130.27.27 /index.php/Home/Blog/index.html
INFO: [ app_init ] --START--
INFO: Run Behavior\BuildLiteBehavior [ RunTime:0.000012s ]
INFO: [ app_init ] --END-- [ RunTime:0.000075s ]
NOTIC: [8] Undefined variable: rule /home/pzr/workspace/blog/ThinkPHP/Library/Think/Dispatcher.class.php 第 67 行.

[ 2016-05-04T16:10:34+08:00 ] 10.130.27.27 /index.php/Home/Cat/index.html
INFO: [ app_init ] --START--
INFO: Run Behavior\BuildLiteBehavior [ RunTime:0.000019s ]
INFO: [ app_init ] --END-- [ RunTime:0.000125s ]
NOTIC: [8] Undefined variable: rule /home/pzr/workspace/blog/ThinkPHP/Library/Think/Dispatcher.class.php 第 67 行.

[ 2016-05-04T16:10:37+08:00 ] 10.130.27.27 /index.php/admin.html
INFO: [ app_init ] --START--
INFO: Run Behavior\BuildLiteBehavior [ RunTime:0.000026s ]
INFO: [ app_init ] --END-- [ RunTime:0.000183s ]
NOTIC: [8] Undefined variable: rule /home/pzr/workspace/blog/ThinkPHP/Library/Think/Dispatcher.class.php 第 67 行.

[ 2016-05-04T16:10:38+08:00 ] 10.130.27.27 /index.php/Home/Blog/index.html
INFO: [ app_init ] --START--
INFO: Run Behavior\BuildLiteBehavior [ RunTime:0.000018s ]
INFO: [ app_init ] --END-- [ RunTime:0.000107s ]
NOTIC: [8] Undefined variable: rule /home/pzr/workspace/blog/ThinkPHP/Library/Think/Dispatcher.class.php 第 67 行.

[ 2016-05-04T16:10:40+08:00 ] 10.130.27.27 /index.php/Home/Blog/index.html
INFO: [ app_init ] --START--
INFO: Run Behavior\BuildLiteBehavior [ RunTime:0.000026s ]
INFO: [ app_init ] --END-- [ RunTime:0.000183s ]
NOTIC: [8] Undefined variable: rule /home/pzr/workspace/blog/ThinkPHP/Library/Think/Dispatcher.class.php 第 67 行.

[ 2016-05-04T16:10:43+08:00 ] 10.130.27.27 /index.php/Home/Cat/index.html
INFO: [ app_init ] --START--
INFO: Run Behavior\BuildLiteBehavior [ RunTime:0.000025s ]
INFO: [ app_init ] --END-- [ RunTime:0.000199s ]
NOTIC: [8] Undefined variable: rule /home/pzr/workspace/blog/ThinkPHP/Library/Think/Dispatcher.class.php 第 67 行.

[ 2016-05-04T16:10:44+08:00 ] 10.130.27.27 /index.php/Home/Attr/index.html
INFO: [ app_init ] --START--
INFO: Run Behavior\BuildLiteBehavior [ RunTime:0.000039s ]
INFO: [ app_init ] --END-- [ RunTime:0.000264s ]
NOTIC: [8] Undefined variable: rule /home/pzr/workspace/blog/ThinkPHP/Library/Think/Dispatcher.class.php 第 67 行.

[ 2016-05-04T16:10:44+08:00 ] 10.130.27.27 /index.php/Home/Blog/gc.html
INFO: [ app_init ] --START--
INFO: Run Behavior\BuildLiteBehavior [ RunTime:0.000023s ]
INFO: [ app_init ] --END-- [ RunTime:0.000155s ]
NOTIC: [8] Undefined variable: rule /home/pzr/workspace/blog/ThinkPHP/Library/Think/Dispatcher.class.php 第 67 行.

[ 2016-05-04T16:10:55+08:00 ] 10.130.27.27 /index.php/Home/Blog/gc.html
INFO: [ app_init ] --START--
INFO: Run Behavior\BuildLiteBehavior [ RunTime:0.000031s ]
INFO: [ app_init ] --END-- [ RunTime:0.000211s ]
NOTIC: [8] Undefined variable: rule /home/pzr/workspace/blog/ThinkPHP/Library/Think/Dispatcher.class.php 第 67 行.

[ 2016-05-04T16:11:28+08:00 ] 10.130.27.27 /index.php/admin.html
INFO: [ app_init ] --START--
INFO: Run Behavior\BuildLiteBehavior [ RunTime:0.000012s ]
INFO: [ app_init ] --END-- [ RunTime:0.000082s ]
NOTIC: [8] Undefined variable: rule /home/pzr/workspace/blog/ThinkPHP/Library/Think/Dispatcher.class.php 第 67 行.

[ 2016-05-04T16:11:29+08:00 ] 10.130.27.27 /index.php/Home/Blog/index.html
INFO: [ app_init ] --START--
INFO: Run Behavior\BuildLiteBehavior [ RunTime:0.000024s ]
INFO: [ app_init ] --END-- [ RunTime:0.000161s ]
NOTIC: [8] Undefined variable: rule /home/pzr/workspace/blog/ThinkPHP/Library/Think/Dispatcher.class.php 第 67 行.

[ 2016-05-04T16:11:30+08:00 ] 10.130.27.27 /index.php/Home/Cat/index.html
INFO: [ app_init ] --START--
INFO: Run Behavior\BuildLiteBehavior [ RunTime:0.000030s ]
INFO: [ app_init ] --END-- [ RunTime:0.000198s ]
NOTIC: [8] Undefined variable: rule /home/pzr/workspace/blog/ThinkPHP/Library/Think/Dispatcher.class.php 第 67 行.

[ 2016-05-04T16:11:30+08:00 ] 10.130.27.27 /index.php/Home/Blog/index.html
INFO: [ app_init ] --START--
INFO: Run Behavior\BuildLiteBehavior [ RunTime:0.000029s ]
INFO: [ app_init ] --END-- [ RunTime:0.000195s ]
NOTIC: [8] Undefined variable: rule /home/pzr/workspace/blog/ThinkPHP/Library/Think/Dispatcher.class.php 第 67 行.

[ 2016-05-04T16:11:31+08:00 ] 10.130.27.27 /index.php/Home/Cat/index.html
INFO: [ app_init ] --START--
INFO: Run Behavior\BuildLiteBehavior [ RunTime:0.000011s ]
INFO: [ app_init ] --END-- [ RunTime:0.000079s ]
NOTIC: [8] Undefined variable: rule /home/pzr/workspace/blog/ThinkPHP/Library/Think/Dispatcher.class.php 第 67 行.

[ 2016-05-04T16:11:38+08:00 ] 10.130.27.27 /index.php/admin.html
INFO: [ app_init ] --START--
INFO: Run Behavior\BuildLiteBehavior [ RunTime:0.000043s ]
INFO: [ app_init ] --END-- [ RunTime:0.000314s ]
NOTIC: [8] Undefined variable: rule /home/pzr/workspace/blog/ThinkPHP/Library/Think/Dispatcher.class.php 第 67 行.

[ 2016-05-04T16:11:39+08:00 ] 10.130.27.27 /index.php/Home/Blog/index.html
INFO: [ app_init ] --START--
INFO: Run Behavior\BuildLiteBehavior [ RunTime:0.000028s ]
INFO: [ app_init ] --END-- [ RunTime:0.000193s ]
NOTIC: [8] Undefined variable: rule /home/pzr/workspace/blog/ThinkPHP/Library/Think/Dispatcher.class.php 第 67 行.

[ 2016-05-04T16:11:41+08:00 ] 10.130.27.27 /index.php/Home/Cat/index.html
INFO: [ app_init ] --START--
INFO: Run Behavior\BuildLiteBehavior [ RunTime:0.000030s ]
INFO: [ app_init ] --END-- [ RunTime:0.000196s ]
NOTIC: [8] Undefined variable: rule /home/pzr/workspace/blog/ThinkPHP/Library/Think/Dispatcher.class.php 第 67 行.

[ 2016-05-04T16:11:41+08:00 ] 10.130.27.27 /index.php/Home/Attr/index.html
INFO: [ app_init ] --START--
INFO: Run Behavior\BuildLiteBehavior [ RunTime:0.000011s ]
INFO: [ app_init ] --END-- [ RunTime:0.000074s ]
NOTIC: [8] Undefined variable: rule /home/pzr/workspace/blog/ThinkPHP/Library/Think/Dispatcher.class.php 第 67 行.

[ 2016-05-04T16:11:43+08:00 ] 10.130.27.27 /index.php/admin.html
INFO: [ app_init ] --START--
INFO: Run Behavior\BuildLiteBehavior [ RunTime:0.000012s ]
INFO: [ app_init ] --END-- [ RunTime:0.000084s ]
NOTIC: [8] Undefined variable: rule /home/pzr/workspace/blog/ThinkPHP/Library/Think/Dispatcher.class.php 第 67 行.

[ 2016-05-04T16:11:44+08:00 ] 10.130.27.27 /index.php/Home/Cat/index.html
INFO: [ app_init ] --START--
INFO: Run Behavior\BuildLiteBehavior [ RunTime:0.000014s ]
INFO: [ app_init ] --END-- [ RunTime:0.000097s ]
NOTIC: [8] Undefined variable: rule /home/pzr/workspace/blog/ThinkPHP/Library/Think/Dispatcher.class.php 第 67 行.

[ 2016-05-04T16:11:46+08:00 ] 10.130.27.27 /index.php/Home/Blog/index.html
INFO: [ app_init ] --START--
INFO: Run Behavior\BuildLiteBehavior [ RunTime:0.000042s ]
INFO: [ app_init ] --END-- [ RunTime:0.000289s ]
NOTIC: [8] Undefined variable: rule /home/pzr/workspace/blog/ThinkPHP/Library/Think/Dispatcher.class.php 第 67 行.

[ 2016-05-04T16:11:55+08:00 ] 10.130.27.27 /index.php/Home/Blog/index.html
INFO: [ app_init ] --START--
INFO: Run Behavior\BuildLiteBehavior [ RunTime:0.000034s ]
INFO: [ app_init ] --END-- [ RunTime:0.000228s ]
NOTIC: [8] Undefined variable: rule /home/pzr/workspace/blog/ThinkPHP/Library/Think/Dispatcher.class.php 第 67 行.

[ 2016-05-04T16:11:57+08:00 ] 10.130.27.27 /index.php/admin.html
INFO: [ app_init ] --START--
INFO: Run Behavior\BuildLiteBehavior [ RunTime:0.000031s ]
INFO: [ app_init ] --END-- [ RunTime:0.000203s ]
NOTIC: [8] Undefined variable: rule /home/pzr/workspace/blog/ThinkPHP/Library/Think/Dispatcher.class.php 第 67 行.

[ 2016-05-04T16:11:58+08:00 ] 10.130.27.27 /index.php/Home/Cat/index.html
INFO: [ app_init ] --START--
INFO: Run Behavior\BuildLiteBehavior [ RunTime:0.000032s ]
INFO: [ app_init ] --END-- [ RunTime:0.000214s ]
NOTIC: [8] Undefined variable: rule /home/pzr/workspace/blog/ThinkPHP/Library/Think/Dispatcher.class.php 第 67 行.

[ 2016-05-04T16:11:59+08:00 ] 10.130.27.27 /index.php/Home/Blog/index.html
INFO: [ app_init ] --START--
INFO: Run Behavior\BuildLiteBehavior [ RunTime:0.000009s ]
INFO: [ app_init ] --END-- [ RunTime:0.000062s ]
NOTIC: [8] Undefined variable: rule /home/pzr/workspace/blog/ThinkPHP/Library/Think/Dispatcher.class.php 第 67 行.

[ 2016-05-04T16:11:59+08:00 ] 10.130.27.27 /index.php/Home/Attr/index.html
INFO: [ app_init ] --START--
INFO: Run Behavior\BuildLiteBehavior [ RunTime:0.000040s ]
INFO: [ app_init ] --END-- [ RunTime:0.000283s ]
NOTIC: [8] Undefined variable: rule /home/pzr/workspace/blog/ThinkPHP/Library/Think/Dispatcher.class.php 第 67 行.

[ 2016-05-04T16:12:00+08:00 ] 10.130.27.27 /index.php/Home/Blog/gc.html
INFO: [ app_init ] --START--
INFO: Run Behavior\BuildLiteBehavior [ RunTime:0.000009s ]
INFO: [ app_init ] --END-- [ RunTime:0.000062s ]
NOTIC: [8] Undefined variable: rule /home/pzr/workspace/blog/ThinkPHP/Library/Think/Dispatcher.class.php 第 67 行.

[ 2016-05-04T16:12:01+08:00 ] 10.130.27.27 /index.php/Home/Blog/index.html
INFO: [ app_init ] --START--
INFO: Run Behavior\BuildLiteBehavior [ RunTime:0.000030s ]
INFO: [ app_init ] --END-- [ RunTime:0.000204s ]
NOTIC: [8] Undefined variable: rule /home/pzr/workspace/blog/ThinkPHP/Library/Think/Dispatcher.class.php 第 67 行.

[ 2016-05-04T16:12:19+08:00 ] 10.130.27.27 /index.php/admin.html
INFO: [ app_init ] --START--
INFO: Run Behavior\BuildLiteBehavior [ RunTime:0.000036s ]
INFO: [ app_init ] --END-- [ RunTime:0.000253s ]
NOTIC: [8] Undefined variable: rule /home/pzr/workspace/blog/ThinkPHP/Library/Think/Dispatcher.class.php 第 67 行.

[ 2016-05-04T16:12:20+08:00 ] 10.130.27.27 /index.php/admin.html
INFO: [ app_init ] --START--
INFO: Run Behavior\BuildLiteBehavior [ RunTime:0.000032s ]
INFO: [ app_init ] --END-- [ RunTime:0.000215s ]
NOTIC: [8] Undefined variable: rule /home/pzr/workspace/blog/ThinkPHP/Library/Think/Dispatcher.class.php 第 67 行.

[ 2016-05-04T16:12:21+08:00 ] 10.130.27.27 /index.php/Home/Attr/index.html
INFO: [ app_init ] --START--
INFO: Run Behavior\BuildLiteBehavior [ RunTime:0.000018s ]
INFO: [ app_init ] --END-- [ RunTime:0.000118s ]
NOTIC: [8] Undefined variable: rule /home/pzr/workspace/blog/ThinkPHP/Library/Think/Dispatcher.class.php 第 67 行.

[ 2016-05-04T16:12:24+08:00 ] 10.130.27.27 /index.php/Home/Cat/index.html
INFO: [ app_init ] --START--
INFO: Run Behavior\BuildLiteBehavior [ RunTime:0.000029s ]
INFO: [ app_init ] --END-- [ RunTime:0.000207s ]
NOTIC: [8] Undefined variable: rule /home/pzr/workspace/blog/ThinkPHP/Library/Think/Dispatcher.class.php 第 67 行.

[ 2016-05-04T16:12:25+08:00 ] 10.130.27.27 /index.php/Home/Blog/index.html
INFO: [ app_init ] --START--
INFO: Run Behavior\BuildLiteBehavior [ RunTime:0.000026s ]
INFO: [ app_init ] --END-- [ RunTime:0.000167s ]
NOTIC: [8] Undefined variable: rule /home/pzr/workspace/blog/ThinkPHP/Library/Think/Dispatcher.class.php 第 67 行.

[ 2016-05-04T16:12:44+08:00 ] 10.130.27.27 /index.php/admin.html
INFO: [ app_init ] --START--
INFO: Run Behavior\BuildLiteBehavior [ RunTime:0.000024s ]
INFO: [ app_init ] --END-- [ RunTime:0.000170s ]
NOTIC: [8] Undefined variable: rule /home/pzr/workspace/blog/ThinkPHP/Library/Think/Dispatcher.class.php 第 67 行.

[ 2016-05-04T16:12:45+08:00 ] 10.130.27.27 /index.php/Home/Blog/index.html
INFO: [ app_init ] --START--
INFO: Run Behavior\BuildLiteBehavior [ RunTime:0.000012s ]
INFO: [ app_init ] --END-- [ RunTime:0.000089s ]
NOTIC: [8] Undefined variable: rule /home/pzr/workspace/blog/ThinkPHP/Library/Think/Dispatcher.class.php 第 67 行.

[ 2016-05-04T16:12:46+08:00 ] 10.130.27.27 /index.php/Home/Cat/index.html
INFO: [ app_init ] --START--
INFO: Run Behavior\BuildLiteBehavior [ RunTime:0.000031s ]
INFO: [ app_init ] --END-- [ RunTime:0.000178s ]
NOTIC: [8] Undefined variable: rule /home/pzr/workspace/blog/ThinkPHP/Library/Think/Dispatcher.class.php 第 67 行.

[ 2016-05-04T16:13:00+08:00 ] 10.130.27.27 /index.php/admin.html
INFO: [ app_init ] --START--
INFO: Run Behavior\BuildLiteBehavior [ RunTime:0.000018s ]
INFO: [ app_init ] --END-- [ RunTime:0.000129s ]
NOTIC: [8] Undefined variable: rule /home/pzr/workspace/blog/ThinkPHP/Library/Think/Dispatcher.class.php 第 67 行.

[ 2016-05-04T16:13:02+08:00 ] 10.130.27.27 /index.php/Home/Blog/index.html
INFO: [ app_init ] --START--
INFO: Run Behavior\BuildLiteBehavior [ RunTime:0.000024s ]
INFO: [ app_init ] --END-- [ RunTime:0.000157s ]
NOTIC: [8] Undefined variable: rule /home/pzr/workspace/blog/ThinkPHP/Library/Think/Dispatcher.class.php 第 67 行.

[ 2016-05-04T16:13:03+08:00 ] 10.130.27.27 /index.php/Home/Cat/index.html
INFO: [ app_init ] --START--
INFO: Run Behavior\BuildLiteBehavior [ RunTime:0.000011s ]
INFO: [ app_init ] --END-- [ RunTime:0.000078s ]
NOTIC: [8] Undefined variable: rule /home/pzr/workspace/blog/ThinkPHP/Library/Think/Dispatcher.class.php 第 67 行.

[ 2016-05-04T16:13:12+08:00 ] 10.130.27.27 /index.php/admin.html
INFO: [ app_init ] --START--
INFO: Run Behavior\BuildLiteBehavior [ RunTime:0.000012s ]
INFO: [ app_init ] --END-- [ RunTime:0.000079s ]
NOTIC: [8] Undefined variable: rule /home/pzr/workspace/blog/ThinkPHP/Library/Think/Dispatcher.class.php 第 67 行.

[ 2016-05-04T16:13:13+08:00 ] 10.130.27.27 /index.php/Home/Cat/index.html
INFO: [ app_init ] --START--
INFO: Run Behavior\BuildLiteBehavior [ RunTime:0.000014s ]
INFO: [ app_init ] --END-- [ RunTime:0.000090s ]
NOTIC: [8] Undefined variable: rule /home/pzr/workspace/blog/ThinkPHP/Library/Think/Dispatcher.class.php 第 67 行.

[ 2016-05-04T16:13:14+08:00 ] 10.130.27.27 /index.php/Home/Cat/index.html
INFO: [ app_init ] --START--
INFO: Run Behavior\BuildLiteBehavior [ RunTime:0.000020s ]
INFO: [ app_init ] --END-- [ RunTime:0.000138s ]
NOTIC: [8] Undefined variable: rule /home/pzr/workspace/blog/ThinkPHP/Library/Think/Dispatcher.class.php 第 67 行.

[ 2016-05-04T16:13:15+08:00 ] 10.130.27.27 /index.php/Home/Blog/index.html
INFO: [ app_init ] --START--
INFO: Run Behavior\BuildLiteBehavior [ RunTime:0.000033s ]
INFO: [ app_init ] --END-- [ RunTime:0.000215s ]
NOTIC: [8] Undefined variable: rule /home/pzr/workspace/blog/ThinkPHP/Library/Think/Dispatcher.class.php 第 67 行.

[ 2016-05-04T16:13:15+08:00 ] 10.130.27.27 /index.php/Home/Cat/index.html
INFO: [ app_init ] --START--
INFO: Run Behavior\BuildLiteBehavior [ RunTime:0.000043s ]
INFO: [ app_init ] --END-- [ RunTime:0.000287s ]
NOTIC: [8] Undefined variable: rule /home/pzr/workspace/blog/ThinkPHP/Library/Think/Dispatcher.class.php 第 67 行.

[ 2016-05-04T16:13:19+08:00 ] 10.130.27.27 /index.php/admin.html
INFO: [ app_init ] --START--
INFO: Run Behavior\BuildLiteBehavior [ RunTime:0.000020s ]
INFO: [ app_init ] --END-- [ RunTime:0.000121s ]
NOTIC: [8] Undefined variable: rule /home/pzr/workspace/blog/ThinkPHP/Library/Think/Dispatcher.class.php 第 67 行.

[ 2016-05-04T16:13:21+08:00 ] 10.130.27.27 /index.php/Home/Blog/index.html
INFO: [ app_init ] --START--
INFO: Run Behavior\BuildLiteBehavior [ RunTime:0.000034s ]
INFO: [ app_init ] --END-- [ RunTime:0.000212s ]
NOTIC: [8] Undefined variable: rule /home/pzr/workspace/blog/ThinkPHP/Library/Think/Dispatcher.class.php 第 67 行.

[ 2016-05-04T16:13:21+08:00 ] 10.130.27.27 /index.php/Home/Cat/index.html
INFO: [ app_init ] --START--
INFO: Run Behavior\BuildLiteBehavior [ RunTime:0.000027s ]
INFO: [ app_init ] --END-- [ RunTime:0.000191s ]
NOTIC: [8] Undefined variable: rule /home/pzr/workspace/blog/ThinkPHP/Library/Think/Dispatcher.class.php 第 67 行.

[ 2016-05-04T16:14:55+08:00 ] 10.130.27.27 /index.php/admin.html
INFO: [ app_init ] --START--
INFO: Run Behavior\BuildLiteBehavior [ RunTime:0.000009s ]
INFO: [ app_init ] --END-- [ RunTime:0.000071s ]
NOTIC: [8] Undefined variable: rule /home/pzr/workspace/blog/ThinkPHP/Library/Think/Dispatcher.class.php 第 67 行.

[ 2016-05-04T16:14:56+08:00 ] 10.130.27.27 /index.php/Home/Blog/index.html
INFO: [ app_init ] --START--
INFO: Run Behavior\BuildLiteBehavior [ RunTime:0.000028s ]
INFO: [ app_init ] --END-- [ RunTime:0.000179s ]
NOTIC: [8] Undefined variable: rule /home/pzr/workspace/blog/ThinkPHP/Library/Think/Dispatcher.class.php 第 67 行.

[ 2016-05-04T16:15:00+08:00 ] 10.130.27.27 /index.php/Home/Cat/index.html
INFO: [ app_init ] --START--
INFO: Run Behavior\BuildLiteBehavior [ RunTime:0.000017s ]
INFO: [ app_init ] --END-- [ RunTime:0.000109s ]
NOTIC: [8] Undefined variable: rule /home/pzr/workspace/blog/ThinkPHP/Library/Think/Dispatcher.class.php 第 67 行.

[ 2016-05-04T16:15:09+08:00 ] 10.130.27.27 /index.php/Home/Cat/edit/id/31.html
INFO: [ app_init ] --START--
INFO: Run Behavior\BuildLiteBehavior [ RunTime:0.000025s ]
INFO: [ app_init ] --END-- [ RunTime:0.000227s ]
NOTIC: [8] Undefined variable: rule /home/pzr/workspace/blog/ThinkPHP/Library/Think/Dispatcher.class.php 第 67 行.

[ 2016-05-04T16:15:13+08:00 ] 10.130.27.27 /index.php/Home/Cat/edit.html
INFO: [ app_init ] --START--
INFO: Run Behavior\BuildLiteBehavior [ RunTime:0.000011s ]
INFO: [ app_init ] --END-- [ RunTime:0.000077s ]
NOTIC: [8] Undefined variable: rule /home/pzr/workspace/blog/ThinkPHP/Library/Think/Dispatcher.class.php 第 67 行.

[ 2016-05-04T16:15:13+08:00 ] 10.130.27.27 /index.php/Home/Cat/index.html
INFO: [ app_init ] --START--
INFO: Run Behavior\BuildLiteBehavior [ RunTime:0.000009s ]
INFO: [ app_init ] --END-- [ RunTime:0.000068s ]
NOTIC: [8] Undefined variable: rule /home/pzr/workspace/blog/ThinkPHP/Library/Think/Dispatcher.class.php 第 67 行.

[ 2016-05-04T16:15:47+08:00 ] 10.130.27.27 /index.php/Home/Cat/index.html
INFO: [ app_init ] --START--
INFO: Run Behavior\BuildLiteBehavior [ RunTime:0.000032s ]
INFO: [ app_init ] --END-- [ RunTime:0.000214s ]
NOTIC: [8] Undefined variable: rule /home/pzr/workspace/blog/ThinkPHP/Library/Think/Dispatcher.class.php 第 67 行.

[ 2016-05-04T16:15:50+08:00 ] 10.130.27.27 /index.php/admin.html
INFO: [ app_init ] --START--
INFO: Run Behavior\BuildLiteBehavior [ RunTime:0.000009s ]
INFO: [ app_init ] --END-- [ RunTime:0.000065s ]
NOTIC: [8] Undefined variable: rule /home/pzr/workspace/blog/ThinkPHP/Library/Think/Dispatcher.class.php 第 67 行.

[ 2016-05-04T16:15:51+08:00 ] 10.130.27.27 /index.php/Home/Attr/index.html
INFO: [ app_init ] --START--
INFO: Run Behavior\BuildLiteBehavior [ RunTime:0.000032s ]
INFO: [ app_init ] --END-- [ RunTime:0.000236s ]
NOTIC: [8] Undefined variable: rule /home/pzr/workspace/blog/ThinkPHP/Library/Think/Dispatcher.class.php 第 67 行.

[ 2016-05-04T16:15:52+08:00 ] 10.130.27.27 /index.php/Home/Cat/index.html
INFO: [ app_init ] --START--
INFO: Run Behavior\BuildLiteBehavior [ RunTime:0.000020s ]
INFO: [ app_init ] --END-- [ RunTime:0.000178s ]
NOTIC: [8] Undefined variable: rule /home/pzr/workspace/blog/ThinkPHP/Library/Think/Dispatcher.class.php 第 67 行.

[ 2016-05-04T17:32:05+08:00 ] 10.130.27.27 /index.php/Home/Cat/add/pid/1/level/2.html
INFO: [ app_init ] --START--
INFO: Run Behavior\BuildLiteBehavior [ RunTime:0.000014s ]
INFO: [ app_init ] --END-- [ RunTime:0.000109s ]
NOTIC: [8] Undefined variable: rule /home/pzr/workspace/blog/ThinkPHP/Library/Think/Dispatcher.class.php 第 67 行.

[ 2016-05-04T17:32:07+08:00 ] 10.130.27.27 /index.php/login.html
INFO: [ app_init ] --START--
INFO: Run Behavior\BuildLiteBehavior [ RunTime:0.000011s ]
INFO: [ app_init ] --END-- [ RunTime:0.000081s ]
NOTIC: [8] Undefined variable: rule /home/pzr/workspace/blog/ThinkPHP/Library/Think/Dispatcher.class.php 第 67 行.

[ 2016-05-04T17:32:07+08:00 ] 10.130.27.27 /index.php/Home/Login/verify
INFO: [ app_init ] --START--
INFO: Run Behavior\BuildLiteBehavior [ RunTime:0.000018s ]
INFO: [ app_init ] --END-- [ RunTime:0.000119s ]
NOTIC: [8] Undefined variable: rule /home/pzr/workspace/blog/ThinkPHP/Library/Think/Dispatcher.class.php 第 67 行.

[ 2016-05-04T17:32:13+08:00 ] 10.130.27.27 /index.php/Home/Login/handle
INFO: [ app_init ] --START--
INFO: Run Behavior\BuildLiteBehavior [ RunTime:0.000012s ]
INFO: [ app_init ] --END-- [ RunTime:0.000082s ]
NOTIC: [8] Undefined variable: rule /home/pzr/workspace/blog/ThinkPHP/Library/Think/Dispatcher.class.php 第 67 行.

[ 2016-05-04T17:32:13+08:00 ] 10.130.27.27 /index.php/admin.html
INFO: [ app_init ] --START--
INFO: Run Behavior\BuildLiteBehavior [ RunTime:0.000010s ]
INFO: [ app_init ] --END-- [ RunTime:0.000071s ]
NOTIC: [8] Undefined variable: rule /home/pzr/workspace/blog/ThinkPHP/Library/Think/Dispatcher.class.php 第 67 行.

[ 2016-05-04T17:32:15+08:00 ] 10.130.27.27 /index.php/Home/Blog/index.html
INFO: [ app_init ] --START--
INFO: Run Behavior\BuildLiteBehavior [ RunTime:0.000019s ]
INFO: [ app_init ] --END-- [ RunTime:0.000131s ]
NOTIC: [8] Undefined variable: rule /home/pzr/workspace/blog/ThinkPHP/Library/Think/Dispatcher.class.php 第 67 行.

[ 2016-05-04T17:32:16+08:00 ] 10.130.27.27 /index.php/Home/Blog/index.html
INFO: [ app_init ] --START--
INFO: Run Behavior\BuildLiteBehavior [ RunTime:0.000014s ]
INFO: [ app_init ] --END-- [ RunTime:0.000106s ]
NOTIC: [8] Undefined variable: rule /home/pzr/workspace/blog/ThinkPHP/Library/Think/Dispatcher.class.php 第 67 行.

[ 2016-05-04T17:32:27+08:00 ] 10.130.27.27 /index.php/Home/Cat/index.html
INFO: [ app_init ] --START--
INFO: Run Behavior\BuildLiteBehavior [ RunTime:0.000017s ]
INFO: [ app_init ] --END-- [ RunTime:0.000114s ]
NOTIC: [8] Undefined variable: rule /home/pzr/workspace/blog/ThinkPHP/Library/Think/Dispatcher.class.php 第 67 行.

[ 2016-05-04T17:32:29+08:00 ] 10.130.27.27 /index.php/Home/Cat/add/pid/1/level/2.html
INFO: [ app_init ] --START--
INFO: Run Behavior\BuildLiteBehavior [ RunTime:0.000029s ]
INFO: [ app_init ] --END-- [ RunTime:0.000192s ]
NOTIC: [8] Undefined variable: rule /home/pzr/workspace/blog/ThinkPHP/Library/Think/Dispatcher.class.php 第 67 行.

[ 2016-05-04T17:32:46+08:00 ] 10.130.27.27 /index.php/Home/Cat/add.html
INFO: [ app_init ] --START--
INFO: Run Behavior\BuildLiteBehavior [ RunTime:0.000022s ]
INFO: [ app_init ] --END-- [ RunTime:0.000164s ]
NOTIC: [8] Undefined variable: rule /home/pzr/workspace/blog/ThinkPHP/Library/Think/Dispatcher.class.php 第 67 行.

[ 2016-05-04T17:32:46+08:00 ] 10.130.27.27 /index.php/Home/Cat/index.html
INFO: [ app_init ] --START--
INFO: Run Behavior\BuildLiteBehavior [ RunTime:0.000012s ]
INFO: [ app_init ] --END-- [ RunTime:0.000075s ]
NOTIC: [8] Undefined variable: rule /home/pzr/workspace/blog/ThinkPHP/Library/Think/Dispatcher.class.php 第 67 行.

[ 2016-05-04T17:32:51+08:00 ] 10.130.27.27 /index.php/Home/Blog/index.html
INFO: [ app_init ] --START--
INFO: Run Behavior\BuildLiteBehavior [ RunTime:0.000016s ]
INFO: [ app_init ] --END-- [ RunTime:0.000113s ]
NOTIC: [8] Undefined variable: rule /home/pzr/workspace/blog/ThinkPHP/Library/Think/Dispatcher.class.php 第 67 行.

[ 2016-05-04T17:32:52+08:00 ] 10.130.27.27 /index.php/Home/Blog/add.html
INFO: [ app_init ] --START--
INFO: Run Behavior\BuildLiteBehavior [ RunTime:0.000013s ]
INFO: [ app_init ] --END-- [ RunTime:0.000083s ]
NOTIC: [8] Undefined variable: rule /home/pzr/workspace/blog/ThinkPHP/Library/Think/Dispatcher.class.php 第 67 行.

[ 2016-05-04T17:33:06+08:00 ] 10.130.27.27 /index.php/Home/Blog/add.html
INFO: [ app_init ] --START--
INFO: Run Behavior\BuildLiteBehavior [ RunTime:0.000042s ]
INFO: [ app_init ] --END-- [ RunTime:0.000309s ]
NOTIC: [8] Undefined variable: rule /home/pzr/workspace/blog/ThinkPHP/Library/Think/Dispatcher.class.php 第 67 行.

[ 2016-05-04T17:33:06+08:00 ] 10.130.27.27 /index.php/Home/Blog/index.html
INFO: [ app_init ] --START--
INFO: Run Behavior\BuildLiteBehavior [ RunTime:0.000014s ]
INFO: [ app_init ] --END-- [ RunTime:0.000090s ]
NOTIC: [8] Undefined variable: rule /home/pzr/workspace/blog/ThinkPHP/Library/Think/Dispatcher.class.php 第 67 行.

[ 2016-05-04T17:34:00+08:00 ] 10.130.27.27 /index.php/Home/Blog/edit/id/20.html
INFO: [ app_init ] --START--
INFO: Run Behavior\BuildLiteBehavior [ RunTime:0.000013s ]
INFO: [ app_init ] --END-- [ RunTime:0.000083s ]
NOTIC: [8] Undefined variable: rule /home/pzr/workspace/blog/ThinkPHP/Library/Think/Dispatcher.class.php 第 67 行.

[ 2016-05-04T17:34:12+08:00 ] 10.130.27.27 /index.php/Home/Blog/edit.html
INFO: [ app_init ] --START--
INFO: Run Behavior\BuildLiteBehavior [ RunTime:0.000009s ]
INFO: [ app_init ] --END-- [ RunTime:0.000065s ]
NOTIC: [8] Undefined variable: rule /home/pzr/workspace/blog/ThinkPHP/Library/Think/Dispatcher.class.php 第 67 行.

[ 2016-05-04T17:34:13+08:00 ] 10.130.27.27 /index.php/Home/Blog/index.html
INFO: [ app_init ] --START--
INFO: Run Behavior\BuildLiteBehavior [ RunTime:0.000026s ]
INFO: [ app_init ] --END-- [ RunTime:0.000153s ]
NOTIC: [8] Undefined variable: rule /home/pzr/workspace/blog/ThinkPHP/Library/Think/Dispatcher.class.php 第 67 行.

